2023-04-01 00:22:00.153 +01:00  WRN  No store type was specified for the decimal property 'Bpm' on entity type 'Song'. This will cause values to be silently truncated if they do not fit in the default precision and scale. Explicitly specify the SQL server column type that can accommodate all the values in 'OnModelCreating' using 'HasColumnType', specify precision and scale using 'HasPrecision', or configure a value converter using 'HasConversion'.
2023-04-01 00:22:00.709 +01:00  INF  Entity Framework Core 6.0.15 initialized 'AppDbContext' using provider 'Microsoft.EntityFrameworkCore.SqlServer:6.0.15' with options: None
2023-04-01 00:22:01.642 +01:00  INF  Executed DbCommand (42ms) [Parameters=[], CommandType='"Text"', CommandTimeout='30']
SELECT 1
2023-04-01 00:22:01.723 +01:00  INF  Executed DbCommand (39ms) [Parameters=[], CommandType='"Text"', CommandTimeout='30']
SELECT OBJECT_ID(N'[__EFMigrationsHistory]');
2023-04-01 00:22:01.728 +01:00  INF  Executed DbCommand (2ms) [Parameters=[], CommandType='"Text"', CommandTimeout='30']
SELECT 1
2023-04-01 00:22:01.729 +01:00  INF  Executed DbCommand (1ms) [Parameters=[], CommandType='"Text"', CommandTimeout='30']
SELECT OBJECT_ID(N'[__EFMigrationsHistory]');
2023-04-01 00:22:01.786 +01:00  INF  Executed DbCommand (7ms) [Parameters=[], CommandType='"Text"', CommandTimeout='30']
SELECT [MigrationId], [ProductVersion]
FROM [__EFMigrationsHistory]
ORDER BY [MigrationId];
2023-04-01 00:22:01.819 +01:00  INF  No migrations were applied. The database is already up to date.
2023-04-01 00:22:02.291 +01:00  INF  Now listening on: https://localhost:7086
2023-04-01 00:22:02.291 +01:00  INF  Now listening on: http://localhost:5201
2023-04-01 00:22:02.300 +01:00  INF  Application started. Press Ctrl+C to shut down.
2023-04-01 00:22:02.300 +01:00  INF  Hosting environment: Development
2023-04-01 00:22:02.300 +01:00  INF  Content root path: C:\Users\Kehinde Aregbesola\Desktop\interview questions and answers\.net\Web\MultiTracks.API\
2023-04-01 00:22:03.517 +01:00  INF  Request starting HTTP/2 GET https://localhost:7086/swagger - -
2023-04-01 00:22:03.763 +01:00  INF  Request finished HTTP/2 GET https://localhost:7086/swagger - - - 301 0 - 253.4979ms
2023-04-01 00:22:04.045 +01:00  INF  Request starting HTTP/2 GET https://localhost:7086/swagger/index.html - -
2023-04-01 00:22:04.612 +01:00  INF  Request finished HTTP/2 GET https://localhost:7086/swagger/index.html - - - 200 - text/html;charset=utf-8 566.2166ms
2023-04-01 00:22:04.624 +01:00  INF  Request starting HTTP/2 GET https://localhost:7086/swagger/swagger-ui.css - -
2023-04-01 00:22:04.627 +01:00  INF  Request starting HTTP/2 GET https://localhost:7086/swagger/swagger-ui-standalone-preset.js - -
2023-04-01 00:22:04.627 +01:00  INF  Request starting HTTP/2 GET https://localhost:7086/swagger/swagger-ui-bundle.js - -
2023-04-01 00:22:04.628 +01:00  INF  Request starting HTTP/2 GET https://localhost:7086/_framework/aspnetcore-browser-refresh.js - -
2023-04-01 00:22:04.639 +01:00  INF  Request starting HTTP/2 GET https://localhost:7086/_vs/browserLink - -
2023-04-01 00:22:04.644 +01:00  INF  Request finished HTTP/2 GET https://localhost:7086/_framework/aspnetcore-browser-refresh.js - - - 200 12000 application/javascript;+charset=utf-8 16.3198ms
2023-04-01 00:22:04.720 +01:00  INF  Sending file. Request path: '/swagger-ui.css'. Physical path: 'N/A'
2023-04-01 00:22:04.721 +01:00  INF  Request finished HTTP/2 GET https://localhost:7086/swagger/swagger-ui.css - - - 200 143632 text/css 96.8168ms
2023-04-01 00:22:04.745 +01:00  INF  Sending file. Request path: '/swagger-ui-standalone-preset.js'. Physical path: 'N/A'
2023-04-01 00:22:04.756 +01:00  INF  Request finished HTTP/2 GET https://localhost:7086/swagger/swagger-ui-standalone-preset.js - - - 200 337162 application/javascript 128.9798ms
2023-04-01 00:22:04.861 +01:00  INF  Request finished HTTP/2 GET https://localhost:7086/_vs/browserLink - - - 200 - text/javascript;+charset=UTF-8 221.5994ms
2023-04-01 00:22:04.862 +01:00  INF  Sending file. Request path: '/swagger-ui-bundle.js'. Physical path: 'N/A'
2023-04-01 00:22:04.862 +01:00  INF  Request finished HTTP/2 GET https://localhost:7086/swagger/swagger-ui-bundle.js - - - 200 1092889 application/javascript 235.1072ms
2023-04-01 00:22:05.168 +01:00  INF  Request starting HTTP/2 GET https://localhost:7086/swagger/v1/swagger.json - -
2023-04-01 00:22:05.206 +01:00  INF  Request starting HTTP/2 GET https://localhost:7086/swagger/favicon-32x32.png - -
2023-04-01 00:22:05.207 +01:00  INF  Sending file. Request path: '/favicon-32x32.png'. Physical path: 'N/A'
2023-04-01 00:22:05.207 +01:00  INF  Request finished HTTP/2 GET https://localhost:7086/swagger/favicon-32x32.png - - - 200 628 image/png 0.8233ms
2023-04-01 00:22:05.403 +01:00  INF  Request finished HTTP/2 GET https://localhost:7086/swagger/v1/swagger.json - - - 200 - application/json;charset=utf-8 234.6684ms
2023-04-01 00:22:16.430 +01:00  INF  Request starting HTTP/2 GET https://localhost:7086/api/Song/list?pageSize=3&pageNumber=4 - -
2023-04-01 00:22:16.451 +01:00  INF  Executing endpoint 'MultiTracksAPI.Controllers.SongController.Get (MultiTracks.API)'
2023-04-01 00:22:16.521 +01:00  INF  Route matched with {action = "Get", controller = "Song"}. Executing controller action with signature System.Threading.Tasks.Task`1[Microsoft.AspNetCore.Mvc.IActionResult] Get(Int32, Int32) on controller MultiTracksAPI.Controllers.SongController (MultiTracks.API).
2023-04-01 00:22:16.815 +01:00  INF  Executing Get Songs endpoint..............
2023-04-01 00:22:16.839 +01:00  INF  Entity Framework Core 6.0.15 initialized 'AppDbContext' using provider 'Microsoft.EntityFrameworkCore.SqlServer:6.0.15' with options: None
2023-04-01 00:22:17.674 +01:00  INF  Executed DbCommand (92ms) [Parameters=[@__p_0='?' (DbType = Int32), @__p_1='?' (DbType = Int32)], CommandType='"Text"', CommandTimeout='30']
SELECT [t].[SongId], [t].[AlbumId], [t].[ArtistId], [t].[Bpm], [t].[Chart], [t].[CustomMix], [t].[DateCreation], [t].[Multitracks], [t].[Patches], [t].[ProPresenter], [t].[RehearsalMix], [t].[SongSpecificPatches], [t].[TimeSignature], [t].[Title], [a].[ArtistId], [a].[Biography], [a].[DateCreation], [a].[HeroUrl], [a].[ImageUrl], [a].[Title], [a0].[AlbumId], [a0].[ArtistId], [a0].[DateCreation], [a0].[ImageUrl], [a0].[Title], [a0].[Year]
FROM (
    SELECT [s].[SongId], [s].[AlbumId], [s].[ArtistId], [s].[Bpm], [s].[Chart], [s].[CustomMix], [s].[DateCreation], [s].[Multitracks], [s].[Patches], [s].[ProPresenter], [s].[RehearsalMix], [s].[SongSpecificPatches], [s].[TimeSignature], [s].[Title]
    FROM [Song] AS [s]
    ORDER BY [s].[SongId]
    OFFSET @__p_0 ROWS FETCH NEXT @__p_1 ROWS ONLY
) AS [t]
INNER JOIN [Artist] AS [a] ON [t].[ArtistId] = [a].[ArtistId]
INNER JOIN [Album] AS [a0] ON [t].[AlbumId] = [a0].[AlbumId]
ORDER BY [t].[SongId]
2023-04-01 00:22:17.898 +01:00  INF  Get Songs Endpoint executed successfully.........
2023-04-01 00:22:17.910 +01:00  INF  Executing OkObjectResult, writing value of type 'System.Collections.Generic.List`1[[MultiTracks.API.Domain.Models.Dtos.SongDto, MultiTracks.API, Version=1.0.0.0, Culture=neutral, PublicKeyToken=null]]'.
2023-04-01 00:22:17.946 +01:00  INF  Executed action MultiTracksAPI.Controllers.SongController.Get (MultiTracks.API) in 1414.4799ms
2023-04-01 00:22:17.950 +01:00  INF  Executed endpoint 'MultiTracksAPI.Controllers.SongController.Get (MultiTracks.API)'
2023-04-01 00:22:17.960 +01:00  INF  Request finished HTTP/2 GET https://localhost:7086/api/Song/list?pageSize=3&pageNumber=4 - - - 200 - application/json;+charset=utf-8 1529.9025ms
2023-04-01 00:22:29.822 +01:00  INF  Request starting HTTP/2 GET https://localhost:7086/api/Artist/search/jj - -
2023-04-01 00:22:29.825 +01:00  INF  Executing endpoint 'MultiTracks.API.Controllers.ArtistController.Search (MultiTracks.API)'
2023-04-01 00:22:29.832 +01:00  INF  Route matched with {action = "Search", controller = "Artist"}. Executing controller action with signature System.Threading.Tasks.Task`1[Microsoft.AspNetCore.Mvc.IActionResult] Search(System.String) on controller MultiTracks.API.Controllers.ArtistController (MultiTracks.API).
2023-04-01 00:22:29.844 +01:00  INF  Executing Get Artist by name endpoint
2023-04-01 00:22:29.906 +01:00  INF  Entity Framework Core 6.0.15 initialized 'AppDbContext' using provider 'Microsoft.EntityFrameworkCore.SqlServer:6.0.15' with options: None
2023-04-01 00:22:29.984 +01:00  INF  Executed DbCommand (6ms) [Parameters=[@__ToLower_0='?' (Size = 4000)], CommandType='"Text"', CommandTimeout='30']
SELECT [a].[ArtistId], [a].[Biography], [a].[DateCreation], [a].[HeroUrl], [a].[ImageUrl], [a].[Title]
FROM [Artist] AS [a]
WHERE (@__ToLower_0 LIKE N'') OR (CHARINDEX(@__ToLower_0, LOWER([a].[Title])) > 0)
2023-04-01 00:22:29.988 +01:00  INF  Get Artist by name endpoint executed succesfully
2023-04-01 00:22:29.989 +01:00  INF  Executing OkObjectResult, writing value of type 'System.Collections.Generic.List`1[[MultiTracks.API.Domain.Models.Dtos.ArtistGetDto, MultiTracks.API, Version=1.0.0.0, Culture=neutral, PublicKeyToken=null]]'.
2023-04-01 00:22:29.991 +01:00  INF  Executed action MultiTracks.API.Controllers.ArtistController.Search (MultiTracks.API) in 157.5783ms
2023-04-01 00:22:29.991 +01:00  INF  Executed endpoint 'MultiTracks.API.Controllers.ArtistController.Search (MultiTracks.API)'
2023-04-01 00:22:29.991 +01:00  INF  Request finished HTTP/2 GET https://localhost:7086/api/Artist/search/jj - - - 200 - application/json;+charset=utf-8 169.4728ms
2023-04-01 00:22:36.654 +01:00  INF  Request starting HTTP/2 GET https://localhost:7086/api/Artist/search/new - -
2023-04-01 00:22:36.657 +01:00  INF  Executing endpoint 'MultiTracks.API.Controllers.ArtistController.Search (MultiTracks.API)'
2023-04-01 00:22:36.657 +01:00  INF  Route matched with {action = "Search", controller = "Artist"}. Executing controller action with signature System.Threading.Tasks.Task`1[Microsoft.AspNetCore.Mvc.IActionResult] Search(System.String) on controller MultiTracks.API.Controllers.ArtistController (MultiTracks.API).
2023-04-01 00:22:36.658 +01:00  INF  Executing Get Artist by name endpoint
2023-04-01 00:22:36.659 +01:00  INF  Entity Framework Core 6.0.15 initialized 'AppDbContext' using provider 'Microsoft.EntityFrameworkCore.SqlServer:6.0.15' with options: None
2023-04-01 00:22:36.672 +01:00  INF  Executed DbCommand (5ms) [Parameters=[@__ToLower_0='?' (Size = 4000)], CommandType='"Text"', CommandTimeout='30']
SELECT [a].[ArtistId], [a].[Biography], [a].[DateCreation], [a].[HeroUrl], [a].[ImageUrl], [a].[Title]
FROM [Artist] AS [a]
WHERE (@__ToLower_0 LIKE N'') OR (CHARINDEX(@__ToLower_0, LOWER([a].[Title])) > 0)
2023-04-01 00:22:36.672 +01:00  INF  Get Artist by name endpoint executed succesfully
2023-04-01 00:22:36.672 +01:00  INF  Executing OkObjectResult, writing value of type 'System.Collections.Generic.List`1[[MultiTracks.API.Domain.Models.Dtos.ArtistGetDto, MultiTracks.API, Version=1.0.0.0, Culture=neutral, PublicKeyToken=null]]'.
2023-04-01 00:22:36.672 +01:00  INF  Executed action MultiTracks.API.Controllers.ArtistController.Search (MultiTracks.API) in 15.2872ms
2023-04-01 00:22:36.672 +01:00  INF  Executed endpoint 'MultiTracks.API.Controllers.ArtistController.Search (MultiTracks.API)'
2023-04-01 00:22:36.673 +01:00  INF  Request finished HTTP/2 GET https://localhost:7086/api/Artist/search/new - - - 200 - application/json;+charset=utf-8 19.1146ms
2023-04-01 00:22:44.390 +01:00  INF  Request starting HTTP/2 GET https://localhost:7086/api/Artist/search/hi - -
2023-04-01 00:22:44.390 +01:00  INF  Executing endpoint 'MultiTracks.API.Controllers.ArtistController.Search (MultiTracks.API)'
2023-04-01 00:22:44.390 +01:00  INF  Route matched with {action = "Search", controller = "Artist"}. Executing controller action with signature System.Threading.Tasks.Task`1[Microsoft.AspNetCore.Mvc.IActionResult] Search(System.String) on controller MultiTracks.API.Controllers.ArtistController (MultiTracks.API).
2023-04-01 00:22:44.395 +01:00  INF  Executing Get Artist by name endpoint
2023-04-01 00:22:44.396 +01:00  INF  Entity Framework Core 6.0.15 initialized 'AppDbContext' using provider 'Microsoft.EntityFrameworkCore.SqlServer:6.0.15' with options: None
2023-04-01 00:22:44.404 +01:00  INF  Executed DbCommand (7ms) [Parameters=[@__ToLower_0='?' (Size = 4000)], CommandType='"Text"', CommandTimeout='30']
SELECT [a].[ArtistId], [a].[Biography], [a].[DateCreation], [a].[HeroUrl], [a].[ImageUrl], [a].[Title]
FROM [Artist] AS [a]
WHERE (@__ToLower_0 LIKE N'') OR (CHARINDEX(@__ToLower_0, LOWER([a].[Title])) > 0)
2023-04-01 00:22:44.405 +01:00  INF  Get Artist by name endpoint executed succesfully
2023-04-01 00:22:44.405 +01:00  INF  Executing OkObjectResult, writing value of type 'System.Collections.Generic.List`1[[MultiTracks.API.Domain.Models.Dtos.ArtistGetDto, MultiTracks.API, Version=1.0.0.0, Culture=neutral, PublicKeyToken=null]]'.
2023-04-01 00:22:44.405 +01:00  INF  Executed action MultiTracks.API.Controllers.ArtistController.Search (MultiTracks.API) in 15.0924ms
2023-04-01 00:22:44.405 +01:00  INF  Executed endpoint 'MultiTracks.API.Controllers.ArtistController.Search (MultiTracks.API)'
2023-04-01 00:22:44.405 +01:00  INF  Request finished HTTP/2 GET https://localhost:7086/api/Artist/search/hi - - - 200 - application/json;+charset=utf-8 15.8545ms
2023-04-01 00:22:53.875 +01:00  INF  Request starting HTTP/2 POST https://localhost:7086/api/Artist/add application/json 95
2023-04-01 00:22:53.876 +01:00  INF  Executing endpoint 'MultiTracks.API.Controllers.ArtistController.Add (MultiTracks.API)'
2023-04-01 00:22:53.883 +01:00  INF  Route matched with {action = "Add", controller = "Artist"}. Executing controller action with signature System.Threading.Tasks.Task`1[Microsoft.AspNetCore.Mvc.IActionResult] Add(MultiTracks.API.Domain.Models.Dtos.ArtistCreateDto) on controller MultiTracks.API.Controllers.ArtistController (MultiTracks.API).
2023-04-01 00:22:53.911 +01:00  INF  Executing Add Artist to database
2023-04-01 00:22:53.921 +01:00  INF  Entity Framework Core 6.0.15 initialized 'AppDbContext' using provider 'Microsoft.EntityFrameworkCore.SqlServer:6.0.15' with options: None
2023-04-01 00:22:54.126 +01:00  INF  Executed DbCommand (9ms) [Parameters=[@p0='?' (Size = 4000), @p1='?' (DbType = DateTime2), @p2='?' (Size = 4000), @p3='?' (Size = 4000), @p4='?' (Size = 4000)], CommandType='"Text"', CommandTimeout='30']
SET NOCOUNT ON;
INSERT INTO [Artist] ([Biography], [DateCreation], [HeroUrl], [ImageUrl], [Title])
VALUES (@p0, @p1, @p2, @p3, @p4);
SELECT [ArtistId]
FROM [Artist]
WHERE @@ROWCOUNT = 1 AND [ArtistId] = scope_identity();
2023-04-01 00:22:54.219 +01:00  INF  Executing CreatedAtRouteResult, writing value of type 'MultiTracks.API.Domain.Models.Dtos.ArtistCreateDto'.
2023-04-01 00:22:54.248 +01:00  INF  Executed action MultiTracks.API.Controllers.ArtistController.Add (MultiTracks.API) in 365.3025ms
2023-04-01 00:22:54.249 +01:00  INF  Executed endpoint 'MultiTracks.API.Controllers.ArtistController.Add (MultiTracks.API)'
2023-04-01 00:22:54.249 +01:00  INF  Request finished HTTP/2 POST https://localhost:7086/api/Artist/add application/json 95 - 201 - application/json;+charset=utf-8 373.3859ms
2023-04-01 00:24:29.446 +01:00  WRN  No store type was specified for the decimal property 'Bpm' on entity type 'Song'. This will cause values to be silently truncated if they do not fit in the default precision and scale. Explicitly specify the SQL server column type that can accommodate all the values in 'OnModelCreating' using 'HasColumnType', specify precision and scale using 'HasPrecision', or configure a value converter using 'HasConversion'.
2023-04-01 00:24:29.670 +01:00  INF  Entity Framework Core 6.0.15 initialized 'AppDbContext' using provider 'Microsoft.EntityFrameworkCore.SqlServer:6.0.15' with options: None
2023-04-01 00:24:30.205 +01:00  INF  Executed DbCommand (36ms) [Parameters=[], CommandType='"Text"', CommandTimeout='30']
SELECT 1
2023-04-01 00:24:30.267 +01:00  INF  Executed DbCommand (28ms) [Parameters=[], CommandType='"Text"', CommandTimeout='30']
SELECT OBJECT_ID(N'[__EFMigrationsHistory]');
2023-04-01 00:24:30.271 +01:00  INF  Executed DbCommand (2ms) [Parameters=[], CommandType='"Text"', CommandTimeout='30']
SELECT 1
2023-04-01 00:24:30.274 +01:00  INF  Executed DbCommand (2ms) [Parameters=[], CommandType='"Text"', CommandTimeout='30']
SELECT OBJECT_ID(N'[__EFMigrationsHistory]');
2023-04-01 00:24:30.309 +01:00  INF  Executed DbCommand (6ms) [Parameters=[], CommandType='"Text"', CommandTimeout='30']
SELECT [MigrationId], [ProductVersion]
FROM [__EFMigrationsHistory]
ORDER BY [MigrationId];
2023-04-01 00:24:30.330 +01:00  INF  No migrations were applied. The database is already up to date.
2023-04-01 00:24:30.628 +01:00  INF  Now listening on: https://localhost:7086
2023-04-01 00:24:30.628 +01:00  INF  Now listening on: http://localhost:5201
2023-04-01 00:24:30.632 +01:00  INF  Application started. Press Ctrl+C to shut down.
2023-04-01 00:24:30.632 +01:00  INF  Hosting environment: Development
2023-04-01 00:24:30.632 +01:00  INF  Content root path: C:\Users\Kehinde Aregbesola\Desktop\interview questions and answers\.net\Web\MultiTracks.API\
2023-04-01 00:24:31.499 +01:00  INF  Request starting HTTP/2 GET https://localhost:7086/swagger/index.html - -
2023-04-01 00:24:31.970 +01:00  INF  Request finished HTTP/2 GET https://localhost:7086/swagger/index.html - - - 200 - text/html;charset=utf-8 479.9836ms
2023-04-01 00:24:32.137 +01:00  INF  Request starting HTTP/2 GET https://localhost:7086/_framework/aspnetcore-browser-refresh.js - -
2023-04-01 00:24:32.140 +01:00  INF  Request starting HTTP/2 GET https://localhost:7086/_vs/browserLink - -
2023-04-01 00:24:32.147 +01:00  INF  Request finished HTTP/2 GET https://localhost:7086/_framework/aspnetcore-browser-refresh.js - - - 200 12000 application/javascript;+charset=utf-8 9.8800ms
2023-04-01 00:24:32.281 +01:00  INF  Request finished HTTP/2 GET https://localhost:7086/_vs/browserLink - - - 200 - text/javascript;+charset=UTF-8 141.4220ms
2023-04-01 00:24:32.508 +01:00  INF  Request starting HTTP/2 GET https://localhost:7086/swagger/v1/swagger.json - -
2023-04-01 00:24:32.857 +01:00  INF  Request finished HTTP/2 GET https://localhost:7086/swagger/v1/swagger.json - - - 200 - application/json;charset=utf-8 349.0219ms
2023-04-01 00:24:59.667 +01:00  INF  Request starting HTTP/2 POST https://localhost:7086/api/Artist/add application/json 95
2023-04-01 00:24:59.699 +01:00  INF  Executing endpoint 'MultiTracks.API.Controllers.ArtistController.Add (MultiTracks.API)'
2023-04-01 00:24:59.751 +01:00  INF  Route matched with {action = "Add", controller = "Artist"}. Executing controller action with signature System.Threading.Tasks.Task`1[Microsoft.AspNetCore.Mvc.IActionResult] Add(MultiTracks.API.Domain.Models.Dtos.ArtistCreateDto) on controller MultiTracks.API.Controllers.ArtistController (MultiTracks.API).
2023-04-01 00:25:00.110 +01:00  INF  Executing Add Artist to database
2023-04-01 00:25:00.187 +01:00  INF  Entity Framework Core 6.0.15 initialized 'AppDbContext' using provider 'Microsoft.EntityFrameworkCore.SqlServer:6.0.15' with options: None
2023-04-01 00:25:00.938 +01:00  INF  Executed DbCommand (127ms) [Parameters=[@p0='?' (Size = 4000), @p1='?' (DbType = DateTime2), @p2='?' (Size = 4000), @p3='?' (Size = 4000), @p4='?' (Size = 4000)], CommandType='"Text"', CommandTimeout='30']
SET NOCOUNT ON;
INSERT INTO [Artist] ([Biography], [DateCreation], [HeroUrl], [ImageUrl], [Title])
VALUES (@p0, @p1, @p2, @p3, @p4);
SELECT [ArtistId]
FROM [Artist]
WHERE @@ROWCOUNT = 1 AND [ArtistId] = scope_identity();
2023-04-01 00:25:01.154 +01:00  INF  Executing CreatedAtRouteResult, writing value of type 'MultiTracks.API.Domain.Models.Dtos.ArtistGetDto'.
2023-04-01 00:25:01.219 +01:00  INF  Executed action MultiTracks.API.Controllers.ArtistController.Add (MultiTracks.API) in 1460.7944ms
2023-04-01 00:25:01.221 +01:00  INF  Executed endpoint 'MultiTracks.API.Controllers.ArtistController.Add (MultiTracks.API)'
2023-04-01 00:25:01.232 +01:00  INF  Request finished HTTP/2 POST https://localhost:7086/api/Artist/add application/json 95 - 201 - application/json;+charset=utf-8 1564.7676ms
2023-04-01 00:26:28.333 +01:00  WRN  No store type was specified for the decimal property 'Bpm' on entity type 'Song'. This will cause values to be silently truncated if they do not fit in the default precision and scale. Explicitly specify the SQL server column type that can accommodate all the values in 'OnModelCreating' using 'HasColumnType', specify precision and scale using 'HasPrecision', or configure a value converter using 'HasConversion'.
2023-04-01 00:26:28.539 +01:00  INF  Entity Framework Core 6.0.15 initialized 'AppDbContext' using provider 'Microsoft.EntityFrameworkCore.SqlServer:6.0.15' with options: None
2023-04-01 00:26:29.019 +01:00  INF  Executed DbCommand (35ms) [Parameters=[], CommandType='"Text"', CommandTimeout='30']
SELECT 1
2023-04-01 00:26:29.068 +01:00  INF  Executed DbCommand (23ms) [Parameters=[], CommandType='"Text"', CommandTimeout='30']
SELECT OBJECT_ID(N'[__EFMigrationsHistory]');
2023-04-01 00:26:29.071 +01:00  INF  Executed DbCommand (2ms) [Parameters=[], CommandType='"Text"', CommandTimeout='30']
SELECT 1
2023-04-01 00:26:29.072 +01:00  INF  Executed DbCommand (1ms) [Parameters=[], CommandType='"Text"', CommandTimeout='30']
SELECT OBJECT_ID(N'[__EFMigrationsHistory]');
2023-04-01 00:26:29.103 +01:00  INF  Executed DbCommand (5ms) [Parameters=[], CommandType='"Text"', CommandTimeout='30']
SELECT [MigrationId], [ProductVersion]
FROM [__EFMigrationsHistory]
ORDER BY [MigrationId];
2023-04-01 00:26:29.124 +01:00  INF  No migrations were applied. The database is already up to date.
2023-04-01 00:26:29.398 +01:00  INF  Now listening on: https://localhost:7086
2023-04-01 00:26:29.398 +01:00  INF  Now listening on: http://localhost:5201
2023-04-01 00:26:29.401 +01:00  INF  Application started. Press Ctrl+C to shut down.
2023-04-01 00:26:29.402 +01:00  INF  Hosting environment: Development
2023-04-01 00:26:29.402 +01:00  INF  Content root path: C:\Users\Kehinde Aregbesola\Desktop\interview questions and answers\.net\Web\MultiTracks.API\
2023-04-01 00:26:30.202 +01:00  INF  Request starting HTTP/2 GET https://localhost:7086/swagger/index.html - -
2023-04-01 00:26:30.618 +01:00  INF  Request finished HTTP/2 GET https://localhost:7086/swagger/index.html - - - 200 - text/html;charset=utf-8 427.1772ms
2023-04-01 00:26:30.627 +01:00  INF  Request starting HTTP/2 GET https://localhost:7086/_framework/aspnetcore-browser-refresh.js - -
2023-04-01 00:26:30.709 +01:00  INF  Request starting HTTP/2 GET https://localhost:7086/_vs/browserLink - -
2023-04-01 00:26:30.711 +01:00  INF  Request finished HTTP/2 GET https://localhost:7086/_framework/aspnetcore-browser-refresh.js - - - 200 12000 application/javascript;+charset=utf-8 83.7269ms
2023-04-01 00:26:30.813 +01:00  INF  Request finished HTTP/2 GET https://localhost:7086/_vs/browserLink - - - 200 - text/javascript;+charset=UTF-8 103.5037ms
2023-04-01 00:26:30.918 +01:00  INF  Request starting HTTP/2 GET https://localhost:7086/swagger/v1/swagger.json - -
2023-04-01 00:26:31.106 +01:00  INF  Request finished HTTP/2 GET https://localhost:7086/swagger/v1/swagger.json - - - 200 - application/json;charset=utf-8 188.0496ms
