2023-04-03 10:34:50.655 +01:00  WRN  No store type was specified for the decimal property 'Bpm' on entity type 'Song'. This will cause values to be silently truncated if they do not fit in the default precision and scale. Explicitly specify the SQL server column type that can accommodate all the values in 'OnModelCreating' using 'HasColumnType', specify precision and scale using 'HasPrecision', or configure a value converter using 'HasConversion'.
2023-04-03 10:34:50.919 +01:00  INF  Entity Framework Core 6.0.15 initialized 'AppDbContext' using provider 'Microsoft.EntityFrameworkCore.SqlServer:6.0.15' with options: None
2023-04-03 10:34:52.100 +01:00  INF  Executed DbCommand (30ms) [Parameters=[], CommandType='"Text"', CommandTimeout='30']
SELECT 1
2023-04-03 10:34:52.152 +01:00  INF  Executed DbCommand (26ms) [Parameters=[], CommandType='"Text"', CommandTimeout='30']
SELECT OBJECT_ID(N'[__EFMigrationsHistory]');
2023-04-03 10:34:52.156 +01:00  INF  Executed DbCommand (2ms) [Parameters=[], CommandType='"Text"', CommandTimeout='30']
SELECT 1
2023-04-03 10:34:52.157 +01:00  INF  Executed DbCommand (1ms) [Parameters=[], CommandType='"Text"', CommandTimeout='30']
SELECT OBJECT_ID(N'[__EFMigrationsHistory]');
2023-04-03 10:34:52.197 +01:00  INF  Executed DbCommand (5ms) [Parameters=[], CommandType='"Text"', CommandTimeout='30']
SELECT [MigrationId], [ProductVersion]
FROM [__EFMigrationsHistory]
ORDER BY [MigrationId];
2023-04-03 10:34:52.218 +01:00  INF  No migrations were applied. The database is already up to date.
2023-04-03 10:34:52.579 +01:00  INF  Now listening on: https://localhost:7086
2023-04-03 10:34:52.579 +01:00  INF  Now listening on: http://localhost:5201
2023-04-03 10:34:52.583 +01:00  INF  Application started. Press Ctrl+C to shut down.
2023-04-03 10:34:52.584 +01:00  INF  Hosting environment: Development
2023-04-03 10:34:52.584 +01:00  INF  Content root path: C:\Users\Kehinde Aregbesola\Desktop\interview questions and answers\.net\Web\MultiTracks.API\
2023-04-03 10:34:53.481 +01:00  INF  Request starting HTTP/2 GET https://localhost:7086/swagger/index.html - -
2023-04-03 10:34:53.969 +01:00  INF  Request finished HTTP/2 GET https://localhost:7086/swagger/index.html - - - 200 - text/html;charset=utf-8 493.2764ms
2023-04-03 10:34:53.993 +01:00  INF  Request starting HTTP/2 GET https://localhost:7086/_vs/browserLink - -
2023-04-03 10:34:53.994 +01:00  INF  Request starting HTTP/2 GET https://localhost:7086/_framework/aspnetcore-browser-refresh.js - -
2023-04-03 10:34:54.004 +01:00  INF  Request finished HTTP/2 GET https://localhost:7086/_framework/aspnetcore-browser-refresh.js - - - 200 12000 application/javascript;+charset=utf-8 9.9195ms
2023-04-03 10:34:54.093 +01:00  INF  Request finished HTTP/2 GET https://localhost:7086/_vs/browserLink - - - 200 - text/javascript;+charset=UTF-8 99.8772ms
2023-04-03 10:34:54.223 +01:00  INF  Request starting HTTP/2 GET https://localhost:7086/swagger/v1/swagger.json - -
2023-04-03 10:34:54.423 +01:00  INF  Request finished HTTP/2 GET https://localhost:7086/swagger/v1/swagger.json - - - 200 - application/json;charset=utf-8 200.3148ms
2023-04-03 10:35:04.152 +01:00  INF  Request starting HTTP/2 GET https://localhost:7086/api/Artist/search/h - -
2023-04-03 10:35:04.168 +01:00  INF  Executing endpoint 'MultiTracks.API.Controllers.ArtistController.Search (MultiTracks.API)'
2023-04-03 10:35:04.206 +01:00  INF  Route matched with {action = "Search", controller = "Artist"}. Executing controller action with signature System.Threading.Tasks.Task`1[Microsoft.AspNetCore.Mvc.IActionResult] Search(System.String) on controller MultiTracks.API.Controllers.ArtistController (MultiTracks.API).
2023-04-03 10:35:04.350 +01:00  INF  Executing Get Artist by name endpoint
2023-04-03 10:35:04.377 +01:00  INF  Entity Framework Core 6.0.15 initialized 'AppDbContext' using provider 'Microsoft.EntityFrameworkCore.SqlServer:6.0.15' with options: None
2023-04-03 10:35:04.929 +01:00  INF  Executed DbCommand (69ms) [Parameters=[@__ToLower_0='?' (Size = 4000)], CommandType='"Text"', CommandTimeout='30']
SELECT [a].[ArtistId], [a].[Biography], [a].[DateCreation], [a].[HeroUrl], [a].[ImageUrl], [a].[Title]
FROM [Artist] AS [a]
WHERE (@__ToLower_0 LIKE N'') OR (CHARINDEX(@__ToLower_0, LOWER([a].[Title])) > 0)
2023-04-03 10:35:05.047 +01:00  INF  Get Artist by name endpoint executed succesfully
2023-04-03 10:35:05.055 +01:00  INF  Executing OkObjectResult, writing value of type 'System.Collections.Generic.List`1[[MultiTracks.API.Domain.Models.Dtos.ArtistGetDto, MultiTracks.API, Version=1.0.0.0, Culture=neutral, PublicKeyToken=null]]'.
2023-04-03 10:35:05.067 +01:00  INF  Executed action MultiTracks.API.Controllers.ArtistController.Search (MultiTracks.API) in 855.8735ms
2023-04-03 10:35:05.068 +01:00  INF  Executed endpoint 'MultiTracks.API.Controllers.ArtistController.Search (MultiTracks.API)'
2023-04-03 10:35:05.077 +01:00  INF  Request finished HTTP/2 GET https://localhost:7086/api/Artist/search/h - - - 200 - application/json;+charset=utf-8 924.2733ms
2023-04-03 10:35:34.296 +01:00  INF  Request starting HTTP/2 GET https://localhost:7086/api/Artist/search/hh - -
2023-04-03 10:35:34.299 +01:00  INF  Executing endpoint 'MultiTracks.API.Controllers.ArtistController.Search (MultiTracks.API)'
2023-04-03 10:35:34.299 +01:00  INF  Route matched with {action = "Search", controller = "Artist"}. Executing controller action with signature System.Threading.Tasks.Task`1[Microsoft.AspNetCore.Mvc.IActionResult] Search(System.String) on controller MultiTracks.API.Controllers.ArtistController (MultiTracks.API).
2023-04-03 10:35:34.302 +01:00  INF  Executing Get Artist by name endpoint
2023-04-03 10:35:34.360 +01:00  INF  Entity Framework Core 6.0.15 initialized 'AppDbContext' using provider 'Microsoft.EntityFrameworkCore.SqlServer:6.0.15' with options: None
2023-04-03 10:35:34.371 +01:00  INF  Executed DbCommand (8ms) [Parameters=[@__ToLower_0='?' (Size = 4000)], CommandType='"Text"', CommandTimeout='30']
SELECT [a].[ArtistId], [a].[Biography], [a].[DateCreation], [a].[HeroUrl], [a].[ImageUrl], [a].[Title]
FROM [Artist] AS [a]
WHERE (@__ToLower_0 LIKE N'') OR (CHARINDEX(@__ToLower_0, LOWER([a].[Title])) > 0)
2023-04-03 10:35:34.371 +01:00  INF  Get Artist by name endpoint executed succesfully
2023-04-03 10:35:34.371 +01:00  INF  Executing OkObjectResult, writing value of type 'System.Collections.Generic.List`1[[MultiTracks.API.Domain.Models.Dtos.ArtistGetDto, MultiTracks.API, Version=1.0.0.0, Culture=neutral, PublicKeyToken=null]]'.
2023-04-03 10:35:34.372 +01:00  INF  Executed action MultiTracks.API.Controllers.ArtistController.Search (MultiTracks.API) in 72.1355ms
2023-04-03 10:35:34.372 +01:00  INF  Executed endpoint 'MultiTracks.API.Controllers.ArtistController.Search (MultiTracks.API)'
2023-04-03 10:35:34.372 +01:00  INF  Request finished HTTP/2 GET https://localhost:7086/api/Artist/search/hh - - - 200 - application/json;+charset=utf-8 75.7269ms
2023-04-03 10:35:41.644 +01:00  INF  Request starting HTTP/2 GET https://localhost:7086/api/Artist/search/jj - -
2023-04-03 10:35:41.644 +01:00  INF  Executing endpoint 'MultiTracks.API.Controllers.ArtistController.Search (MultiTracks.API)'
2023-04-03 10:35:41.644 +01:00  INF  Route matched with {action = "Search", controller = "Artist"}. Executing controller action with signature System.Threading.Tasks.Task`1[Microsoft.AspNetCore.Mvc.IActionResult] Search(System.String) on controller MultiTracks.API.Controllers.ArtistController (MultiTracks.API).
2023-04-03 10:35:41.648 +01:00  INF  Executing Get Artist by name endpoint
2023-04-03 10:35:41.649 +01:00  INF  Entity Framework Core 6.0.15 initialized 'AppDbContext' using provider 'Microsoft.EntityFrameworkCore.SqlServer:6.0.15' with options: None
2023-04-03 10:35:41.659 +01:00  INF  Executed DbCommand (2ms) [Parameters=[@__ToLower_0='?' (Size = 4000)], CommandType='"Text"', CommandTimeout='30']
SELECT [a].[ArtistId], [a].[Biography], [a].[DateCreation], [a].[HeroUrl], [a].[ImageUrl], [a].[Title]
FROM [Artist] AS [a]
WHERE (@__ToLower_0 LIKE N'') OR (CHARINDEX(@__ToLower_0, LOWER([a].[Title])) > 0)
2023-04-03 10:35:41.661 +01:00  INF  Get Artist by name endpoint executed succesfully
2023-04-03 10:35:41.661 +01:00  INF  Executing OkObjectResult, writing value of type 'System.Collections.Generic.List`1[[MultiTracks.API.Domain.Models.Dtos.ArtistGetDto, MultiTracks.API, Version=1.0.0.0, Culture=neutral, PublicKeyToken=null]]'.
2023-04-03 10:35:41.661 +01:00  INF  Executed action MultiTracks.API.Controllers.ArtistController.Search (MultiTracks.API) in 16.8638ms
2023-04-03 10:35:41.661 +01:00  INF  Executed endpoint 'MultiTracks.API.Controllers.ArtistController.Search (MultiTracks.API)'
2023-04-03 10:35:41.662 +01:00  INF  Request finished HTTP/2 GET https://localhost:7086/api/Artist/search/jj - - - 200 - application/json;+charset=utf-8 17.7100ms
2023-04-03 10:35:48.907 +01:00  INF  Request starting HTTP/2 GET https://localhost:7086/api/Artist/search/hi - -
2023-04-03 10:35:48.907 +01:00  INF  Executing endpoint 'MultiTracks.API.Controllers.ArtistController.Search (MultiTracks.API)'
2023-04-03 10:35:48.907 +01:00  INF  Route matched with {action = "Search", controller = "Artist"}. Executing controller action with signature System.Threading.Tasks.Task`1[Microsoft.AspNetCore.Mvc.IActionResult] Search(System.String) on controller MultiTracks.API.Controllers.ArtistController (MultiTracks.API).
2023-04-03 10:35:48.908 +01:00  INF  Executing Get Artist by name endpoint
2023-04-03 10:35:48.908 +01:00  INF  Entity Framework Core 6.0.15 initialized 'AppDbContext' using provider 'Microsoft.EntityFrameworkCore.SqlServer:6.0.15' with options: None
2023-04-03 10:35:48.915 +01:00  INF  Executed DbCommand (3ms) [Parameters=[@__ToLower_0='?' (Size = 4000)], CommandType='"Text"', CommandTimeout='30']
SELECT [a].[ArtistId], [a].[Biography], [a].[DateCreation], [a].[HeroUrl], [a].[ImageUrl], [a].[Title]
FROM [Artist] AS [a]
WHERE (@__ToLower_0 LIKE N'') OR (CHARINDEX(@__ToLower_0, LOWER([a].[Title])) > 0)
2023-04-03 10:35:48.919 +01:00  INF  Get Artist by name endpoint executed succesfully
2023-04-03 10:35:48.920 +01:00  INF  Executing OkObjectResult, writing value of type 'System.Collections.Generic.List`1[[MultiTracks.API.Domain.Models.Dtos.ArtistGetDto, MultiTracks.API, Version=1.0.0.0, Culture=neutral, PublicKeyToken=null]]'.
2023-04-03 10:35:48.920 +01:00  INF  Executed action MultiTracks.API.Controllers.ArtistController.Search (MultiTracks.API) in 12.5361ms
2023-04-03 10:35:48.920 +01:00  INF  Executed endpoint 'MultiTracks.API.Controllers.ArtistController.Search (MultiTracks.API)'
2023-04-03 10:35:48.920 +01:00  INF  Request finished HTTP/2 GET https://localhost:7086/api/Artist/search/hi - - - 200 - application/json;+charset=utf-8 13.5915ms
2023-04-03 10:36:14.109 +01:00  INF  Request starting HTTP/2 GET https://localhost:7086/api/Artist/search/hill - -
2023-04-03 10:36:14.112 +01:00  INF  Executing endpoint 'MultiTracks.API.Controllers.ArtistController.Search (MultiTracks.API)'
2023-04-03 10:36:14.116 +01:00  INF  Route matched with {action = "Search", controller = "Artist"}. Executing controller action with signature System.Threading.Tasks.Task`1[Microsoft.AspNetCore.Mvc.IActionResult] Search(System.String) on controller MultiTracks.API.Controllers.ArtistController (MultiTracks.API).
2023-04-03 10:36:14.137 +01:00  INF  Executing Get Artist by name endpoint
2023-04-03 10:36:14.145 +01:00  INF  Entity Framework Core 6.0.15 initialized 'AppDbContext' using provider 'Microsoft.EntityFrameworkCore.SqlServer:6.0.15' with options: None
2023-04-03 10:36:14.161 +01:00  INF  Executed DbCommand (11ms) [Parameters=[@__ToLower_0='?' (Size = 4000)], CommandType='"Text"', CommandTimeout='30']
SELECT [a].[ArtistId], [a].[Biography], [a].[DateCreation], [a].[HeroUrl], [a].[ImageUrl], [a].[Title]
FROM [Artist] AS [a]
WHERE (@__ToLower_0 LIKE N'') OR (CHARINDEX(@__ToLower_0, LOWER([a].[Title])) > 0)
2023-04-03 10:36:14.164 +01:00  INF  Get Artist by name endpoint executed succesfully
2023-04-03 10:36:14.165 +01:00  INF  Executing OkObjectResult, writing value of type 'System.Collections.Generic.List`1[[MultiTracks.API.Domain.Models.Dtos.ArtistGetDto, MultiTracks.API, Version=1.0.0.0, Culture=neutral, PublicKeyToken=null]]'.
2023-04-03 10:36:14.175 +01:00  INF  Executed action MultiTracks.API.Controllers.ArtistController.Search (MultiTracks.API) in 58.5504ms
2023-04-03 10:36:14.175 +01:00  INF  Executed endpoint 'MultiTracks.API.Controllers.ArtistController.Search (MultiTracks.API)'
2023-04-03 10:36:14.175 +01:00  INF  Request finished HTTP/2 GET https://localhost:7086/api/Artist/search/hill - - - 200 - application/json;+charset=utf-8 66.4883ms
