2023-04-08 16:23:47.199 +01:00  WRN  No store type was specified for the decimal property 'Bpm' on entity type 'Song'. This will cause values to be silently truncated if they do not fit in the default precision and scale. Explicitly specify the SQL server column type that can accommodate all the values in 'OnModelCreating' using 'HasColumnType', specify precision and scale using 'HasPrecision', or configure a value converter using 'HasConversion'.
2023-04-08 16:23:47.571 +01:00  INF  Entity Framework Core 6.0.15 initialized 'AppDbContext' using provider 'Microsoft.EntityFrameworkCore.SqlServer:6.0.15' with options: None
2023-04-08 16:23:48.371 +01:00  INF  Executed DbCommand (46ms) [Parameters=[], CommandType='"Text"', CommandTimeout='30']
SELECT 1
2023-04-08 16:23:48.464 +01:00  INF  Executed DbCommand (44ms) [Parameters=[], CommandType='"Text"', CommandTimeout='30']
SELECT OBJECT_ID(N'[__EFMigrationsHistory]');
2023-04-08 16:23:48.468 +01:00  INF  Executed DbCommand (2ms) [Parameters=[], CommandType='"Text"', CommandTimeout='30']
SELECT 1
2023-04-08 16:23:48.469 +01:00  INF  Executed DbCommand (1ms) [Parameters=[], CommandType='"Text"', CommandTimeout='30']
SELECT OBJECT_ID(N'[__EFMigrationsHistory]');
2023-04-08 16:23:48.520 +01:00  INF  Executed DbCommand (10ms) [Parameters=[], CommandType='"Text"', CommandTimeout='30']
SELECT [MigrationId], [ProductVersion]
FROM [__EFMigrationsHistory]
ORDER BY [MigrationId];
2023-04-08 16:23:48.554 +01:00  INF  No migrations were applied. The database is already up to date.
2023-04-08 16:23:48.957 +01:00  INF  Now listening on: https://localhost:7086
2023-04-08 16:23:48.957 +01:00  INF  Now listening on: http://localhost:5201
2023-04-08 16:23:48.962 +01:00  INF  Application started. Press Ctrl+C to shut down.
2023-04-08 16:23:48.962 +01:00  INF  Hosting environment: Development
2023-04-08 16:23:48.963 +01:00  INF  Content root path: C:\Users\Kehinde Aregbesola\Desktop\interview questions and answers\.net\Web\MultiTracks.API\
2023-04-08 16:23:50.015 +01:00  INF  Request starting HTTP/2 GET https://localhost:7086/swagger/index.html - -
2023-04-08 16:23:50.534 +01:00  INF  Request finished HTTP/2 GET https://localhost:7086/swagger/index.html - - - 200 - text/html;charset=utf-8 535.2646ms
2023-04-08 16:23:50.644 +01:00  INF  Request starting HTTP/2 GET https://localhost:7086/_framework/aspnetcore-browser-refresh.js - -
2023-04-08 16:23:50.661 +01:00  INF  Request finished HTTP/2 GET https://localhost:7086/_framework/aspnetcore-browser-refresh.js - - - 200 12000 application/javascript;+charset=utf-8 17.1307ms
2023-04-08 16:23:50.684 +01:00  INF  Request starting HTTP/2 GET https://localhost:7086/_vs/browserLink - -
2023-04-08 16:23:50.800 +01:00  INF  Request finished HTTP/2 GET https://localhost:7086/_vs/browserLink - - - 200 - text/javascript;+charset=UTF-8 116.3480ms
2023-04-08 16:23:50.918 +01:00  INF  Request starting HTTP/2 GET https://localhost:7086/swagger/v1/swagger.json - -
2023-04-08 16:23:50.955 +01:00  INF  Request starting HTTP/2 GET https://localhost:7086/swagger/favicon-32x32.png - -
2023-04-08 16:23:50.968 +01:00  INF  Sending file. Request path: '/favicon-32x32.png'. Physical path: 'N/A'
2023-04-08 16:23:50.970 +01:00  INF  Request finished HTTP/2 GET https://localhost:7086/swagger/favicon-32x32.png - - - 200 628 image/png 14.7407ms
2023-04-08 16:23:51.081 +01:00  INF  Request finished HTTP/2 GET https://localhost:7086/swagger/v1/swagger.json - - - 200 - application/json;charset=utf-8 163.3646ms
2023-04-08 16:23:58.528 +01:00  INF  Request starting HTTP/2 GET https://localhost:7086/api/Song/list - -
2023-04-08 16:23:58.545 +01:00  INF  Executing endpoint 'MultiTracksAPI.Controllers.SongController.Get (MultiTracks.API)'
2023-04-08 16:23:58.597 +01:00  INF  Route matched with {action = "Get", controller = "Song"}. Executing controller action with signature System.Threading.Tasks.Task`1[Microsoft.AspNetCore.Mvc.IActionResult] Get(Int32, Int32) on controller MultiTracksAPI.Controllers.SongController (MultiTracks.API).
2023-04-08 16:23:58.748 +01:00  INF  Executing Get Songs endpoint..............
2023-04-08 16:23:58.778 +01:00  INF  Entity Framework Core 6.0.15 initialized 'AppDbContext' using provider 'Microsoft.EntityFrameworkCore.SqlServer:6.0.15' with options: None
2023-04-08 16:23:59.535 +01:00  INF  Executed DbCommand (40ms) [Parameters=[], CommandType='"Text"', CommandTimeout='30']
SELECT [t].[SongId], [t].[AlbumId], [t].[ArtistId], [t].[Bpm], [t].[Chart], [t].[CustomMix], [t].[DateCreation], [t].[Multitracks], [t].[Patches], [t].[ProPresenter], [t].[RehearsalMix], [t].[SongSpecificPatches], [t].[TimeSignature], [t].[Title], [a].[ArtistId], [a].[Biography], [a].[DateCreation], [a].[HeroUrl], [a].[ImageUrl], [a].[Title], [a0].[AlbumId], [a0].[ArtistId], [a0].[DateCreation], [a0].[ImageUrl], [a0].[Title], [a0].[Year]
FROM (
    SELECT [s].[SongId], [s].[AlbumId], [s].[ArtistId], [s].[Bpm], [s].[Chart], [s].[CustomMix], [s].[DateCreation], [s].[Multitracks], [s].[Patches], [s].[ProPresenter], [s].[RehearsalMix], [s].[SongSpecificPatches], [s].[TimeSignature], [s].[Title]
    FROM [Song] AS [s]
    WHERE 0 = 1
) AS [t]
INNER JOIN [Artist] AS [a] ON [t].[ArtistId] = [a].[ArtistId]
INNER JOIN [Album] AS [a0] ON [t].[AlbumId] = [a0].[AlbumId]
ORDER BY [t].[SongId]
2023-04-08 16:23:59.588 +01:00  INF  Get Songs Endpoint executed successfully.........
2023-04-08 16:23:59.597 +01:00  INF  Executing OkObjectResult, writing value of type 'System.Collections.Generic.List`1[[MultiTracks.API.Domain.Models.Dtos.SongDto, MultiTracks.API, Version=1.0.0.0, Culture=neutral, PublicKeyToken=null]]'.
2023-04-08 16:23:59.612 +01:00  INF  Executed action MultiTracksAPI.Controllers.SongController.Get (MultiTracks.API) in 1008.357ms
2023-04-08 16:23:59.614 +01:00  INF  Executed endpoint 'MultiTracksAPI.Controllers.SongController.Get (MultiTracks.API)'
2023-04-08 16:23:59.622 +01:00  INF  Request finished HTTP/2 GET https://localhost:7086/api/Song/list - - - 200 - application/json;+charset=utf-8 1093.7698ms
2023-04-08 16:24:10.995 +01:00  INF  Request starting HTTP/2 GET https://localhost:7086/api/Song/list?pageSize=10&pageNumber=2 - -
2023-04-08 16:24:10.996 +01:00  INF  Executing endpoint 'MultiTracksAPI.Controllers.SongController.Get (MultiTracks.API)'
2023-04-08 16:24:10.997 +01:00  INF  Route matched with {action = "Get", controller = "Song"}. Executing controller action with signature System.Threading.Tasks.Task`1[Microsoft.AspNetCore.Mvc.IActionResult] Get(Int32, Int32) on controller MultiTracksAPI.Controllers.SongController (MultiTracks.API).
2023-04-08 16:24:11.010 +01:00  INF  Executing Get Songs endpoint..............
2023-04-08 16:24:11.057 +01:00  INF  Entity Framework Core 6.0.15 initialized 'AppDbContext' using provider 'Microsoft.EntityFrameworkCore.SqlServer:6.0.15' with options: None
2023-04-08 16:24:11.146 +01:00  INF  Executed DbCommand (72ms) [Parameters=[@__p_0='?' (DbType = Int32)], CommandType='"Text"', CommandTimeout='30']
SELECT [t].[SongId], [t].[AlbumId], [t].[ArtistId], [t].[Bpm], [t].[Chart], [t].[CustomMix], [t].[DateCreation], [t].[Multitracks], [t].[Patches], [t].[ProPresenter], [t].[RehearsalMix], [t].[SongSpecificPatches], [t].[TimeSignature], [t].[Title], [a].[ArtistId], [a].[Biography], [a].[DateCreation], [a].[HeroUrl], [a].[ImageUrl], [a].[Title], [a0].[AlbumId], [a0].[ArtistId], [a0].[DateCreation], [a0].[ImageUrl], [a0].[Title], [a0].[Year]
FROM (
    SELECT [s].[SongId], [s].[AlbumId], [s].[ArtistId], [s].[Bpm], [s].[Chart], [s].[CustomMix], [s].[DateCreation], [s].[Multitracks], [s].[Patches], [s].[ProPresenter], [s].[RehearsalMix], [s].[SongSpecificPatches], [s].[TimeSignature], [s].[Title]
    FROM [Song] AS [s]
    ORDER BY [s].[SongId]
    OFFSET @__p_0 ROWS FETCH NEXT @__p_0 ROWS ONLY
) AS [t]
INNER JOIN [Artist] AS [a] ON [t].[ArtistId] = [a].[ArtistId]
INNER JOIN [Album] AS [a0] ON [t].[AlbumId] = [a0].[AlbumId]
ORDER BY [t].[SongId]
2023-04-08 16:24:11.262 +01:00  INF  Get Songs Endpoint executed successfully.........
2023-04-08 16:24:11.263 +01:00  INF  Executing OkObjectResult, writing value of type 'System.Collections.Generic.List`1[[MultiTracks.API.Domain.Models.Dtos.SongDto, MultiTracks.API, Version=1.0.0.0, Culture=neutral, PublicKeyToken=null]]'.
2023-04-08 16:24:11.274 +01:00  INF  Executed action MultiTracksAPI.Controllers.SongController.Get (MultiTracks.API) in 277.0077ms
2023-04-08 16:24:11.274 +01:00  INF  Executed endpoint 'MultiTracksAPI.Controllers.SongController.Get (MultiTracks.API)'
2023-04-08 16:24:11.275 +01:00  INF  Request finished HTTP/2 GET https://localhost:7086/api/Song/list?pageSize=10&pageNumber=2 - - - 200 - application/json;+charset=utf-8 279.5145ms
2023-04-08 16:33:12.891 +01:00  WRN  No store type was specified for the decimal property 'Bpm' on entity type 'Song'. This will cause values to be silently truncated if they do not fit in the default precision and scale. Explicitly specify the SQL server column type that can accommodate all the values in 'OnModelCreating' using 'HasColumnType', specify precision and scale using 'HasPrecision', or configure a value converter using 'HasConversion'.
2023-04-08 16:33:13.104 +01:00  INF  Entity Framework Core 6.0.15 initialized 'AppDbContext' using provider 'Microsoft.EntityFrameworkCore.SqlServer:6.0.15' with options: None
2023-04-08 16:33:14.138 +01:00  INF  Executed DbCommand (28ms) [Parameters=[], CommandType='"Text"', CommandTimeout='30']
SELECT 1
2023-04-08 16:33:14.199 +01:00  INF  Executed DbCommand (35ms) [Parameters=[], CommandType='"Text"', CommandTimeout='30']
SELECT OBJECT_ID(N'[__EFMigrationsHistory]');
2023-04-08 16:33:14.203 +01:00  INF  Executed DbCommand (2ms) [Parameters=[], CommandType='"Text"', CommandTimeout='30']
SELECT 1
2023-04-08 16:33:14.204 +01:00  INF  Executed DbCommand (1ms) [Parameters=[], CommandType='"Text"', CommandTimeout='30']
SELECT OBJECT_ID(N'[__EFMigrationsHistory]');
2023-04-08 16:33:14.238 +01:00  INF  Executed DbCommand (5ms) [Parameters=[], CommandType='"Text"', CommandTimeout='30']
SELECT [MigrationId], [ProductVersion]
FROM [__EFMigrationsHistory]
ORDER BY [MigrationId];
2023-04-08 16:33:14.258 +01:00  INF  No migrations were applied. The database is already up to date.
2023-04-08 16:33:14.533 +01:00  INF  Now listening on: https://localhost:7086
2023-04-08 16:33:14.533 +01:00  INF  Now listening on: http://localhost:5201
2023-04-08 16:33:14.539 +01:00  INF  Application started. Press Ctrl+C to shut down.
2023-04-08 16:33:14.539 +01:00  INF  Hosting environment: Development
2023-04-08 16:33:14.539 +01:00  INF  Content root path: C:\Users\Kehinde Aregbesola\Desktop\interview questions and answers\.net\Web\MultiTracks.API\
2023-04-08 16:33:15.234 +01:00  INF  Request starting HTTP/2 GET https://localhost:7086/swagger/index.html - -
2023-04-08 16:33:15.802 +01:00  INF  Request finished HTTP/2 GET https://localhost:7086/swagger/index.html - - - 200 - text/html;charset=utf-8 566.0171ms
2023-04-08 16:33:15.822 +01:00  INF  Request starting HTTP/2 GET https://localhost:7086/_framework/aspnetcore-browser-refresh.js - -
2023-04-08 16:33:15.846 +01:00  INF  Request starting HTTP/2 GET https://localhost:7086/_vs/browserLink - -
2023-04-08 16:33:15.847 +01:00  INF  Request finished HTTP/2 GET https://localhost:7086/_framework/aspnetcore-browser-refresh.js - - - 200 12000 application/javascript;+charset=utf-8 37.4485ms
2023-04-08 16:33:15.929 +01:00  INF  Request finished HTTP/2 GET https://localhost:7086/_vs/browserLink - - - 200 - text/javascript;+charset=UTF-8 83.1479ms
2023-04-08 16:33:16.037 +01:00  INF  Request starting HTTP/2 GET https://localhost:7086/swagger/v1/swagger.json - -
2023-04-08 16:33:16.289 +01:00  INF  Request finished HTTP/2 GET https://localhost:7086/swagger/v1/swagger.json - - - 200 - application/json;charset=utf-8 251.7697ms
2023-04-08 16:33:26.191 +01:00  INF  Request starting HTTP/2 GET https://localhost:7086/api/Song/list - -
2023-04-08 16:33:26.216 +01:00  INF  Executing endpoint 'MultiTracksAPI.Controllers.SongController.Get (MultiTracks.API)'
2023-04-08 16:33:26.296 +01:00  INF  Route matched with {action = "Get", controller = "Song"}. Executing controller action with signature System.Threading.Tasks.Task`1[Microsoft.AspNetCore.Mvc.IActionResult] Get(MultiTracks.API.Domain.Models.Dtos.RequestParam) on controller MultiTracksAPI.Controllers.SongController (MultiTracks.API).
2023-04-08 16:33:26.727 +01:00  INF  Executing Get Songs endpoint..............
2023-04-08 16:33:26.781 +01:00  INF  Entity Framework Core 6.0.15 initialized 'AppDbContext' using provider 'Microsoft.EntityFrameworkCore.SqlServer:6.0.15' with options: None
2023-04-08 16:33:28.574 +01:00  INF  Executed DbCommand (175ms) [Parameters=[@__p_0='?' (DbType = Int32), @__p_1='?' (DbType = Int32)], CommandType='"Text"', CommandTimeout='30']
SELECT [t].[SongId], [t].[AlbumId], [t].[ArtistId], [t].[Bpm], [t].[Chart], [t].[CustomMix], [t].[DateCreation], [t].[Multitracks], [t].[Patches], [t].[ProPresenter], [t].[RehearsalMix], [t].[SongSpecificPatches], [t].[TimeSignature], [t].[Title], [a].[ArtistId], [a].[Biography], [a].[DateCreation], [a].[HeroUrl], [a].[ImageUrl], [a].[Title], [a0].[AlbumId], [a0].[ArtistId], [a0].[DateCreation], [a0].[ImageUrl], [a0].[Title], [a0].[Year]
FROM (
    SELECT [s].[SongId], [s].[AlbumId], [s].[ArtistId], [s].[Bpm], [s].[Chart], [s].[CustomMix], [s].[DateCreation], [s].[Multitracks], [s].[Patches], [s].[ProPresenter], [s].[RehearsalMix], [s].[SongSpecificPatches], [s].[TimeSignature], [s].[Title]
    FROM [Song] AS [s]
    ORDER BY [s].[SongId]
    OFFSET @__p_0 ROWS FETCH NEXT @__p_1 ROWS ONLY
) AS [t]
INNER JOIN [Artist] AS [a] ON [t].[ArtistId] = [a].[ArtistId]
INNER JOIN [Album] AS [a0] ON [t].[AlbumId] = [a0].[AlbumId]
ORDER BY [t].[SongId]
2023-04-08 16:33:29.047 +01:00  INF  Get Songs Endpoint executed successfully.........
2023-04-08 16:33:29.068 +01:00  INF  Executing OkObjectResult, writing value of type 'System.Collections.Generic.List`1[[MultiTracks.API.Domain.Models.Dtos.SongDto, MultiTracks.API, Version=1.0.0.0, Culture=neutral, PublicKeyToken=null]]'.
2023-04-08 16:33:29.122 +01:00  INF  Executed action MultiTracksAPI.Controllers.SongController.Get (MultiTracks.API) in 2809.9375ms
2023-04-08 16:33:29.125 +01:00  INF  Executed endpoint 'MultiTracksAPI.Controllers.SongController.Get (MultiTracks.API)'
2023-04-08 16:33:29.141 +01:00  INF  Request finished HTTP/2 GET https://localhost:7086/api/Song/list - - - 200 - application/json;+charset=utf-8 2949.9018ms
2023-04-08 16:34:50.798 +01:00  WRN  No store type was specified for the decimal property 'Bpm' on entity type 'Song'. This will cause values to be silently truncated if they do not fit in the default precision and scale. Explicitly specify the SQL server column type that can accommodate all the values in 'OnModelCreating' using 'HasColumnType', specify precision and scale using 'HasPrecision', or configure a value converter using 'HasConversion'.
2023-04-08 16:34:51.023 +01:00  INF  Entity Framework Core 6.0.15 initialized 'AppDbContext' using provider 'Microsoft.EntityFrameworkCore.SqlServer:6.0.15' with options: None
2023-04-08 16:34:51.568 +01:00  INF  Executed DbCommand (29ms) [Parameters=[], CommandType='"Text"', CommandTimeout='30']
SELECT 1
2023-04-08 16:34:51.638 +01:00  INF  Executed DbCommand (45ms) [Parameters=[], CommandType='"Text"', CommandTimeout='30']
SELECT OBJECT_ID(N'[__EFMigrationsHistory]');
2023-04-08 16:34:51.641 +01:00  INF  Executed DbCommand (2ms) [Parameters=[], CommandType='"Text"', CommandTimeout='30']
SELECT 1
2023-04-08 16:34:51.642 +01:00  INF  Executed DbCommand (1ms) [Parameters=[], CommandType='"Text"', CommandTimeout='30']
SELECT OBJECT_ID(N'[__EFMigrationsHistory]');
2023-04-08 16:34:51.689 +01:00  INF  Executed DbCommand (10ms) [Parameters=[], CommandType='"Text"', CommandTimeout='30']
SELECT [MigrationId], [ProductVersion]
FROM [__EFMigrationsHistory]
ORDER BY [MigrationId];
2023-04-08 16:34:51.708 +01:00  INF  No migrations were applied. The database is already up to date.
2023-04-08 16:34:51.992 +01:00  INF  Now listening on: https://localhost:7086
2023-04-08 16:34:51.992 +01:00  INF  Now listening on: http://localhost:5201
2023-04-08 16:34:51.996 +01:00  INF  Application started. Press Ctrl+C to shut down.
2023-04-08 16:34:51.996 +01:00  INF  Hosting environment: Development
2023-04-08 16:34:51.996 +01:00  INF  Content root path: C:\Users\Kehinde Aregbesola\Desktop\interview questions and answers\.net\Web\MultiTracks.API\
2023-04-08 16:34:52.993 +01:00  INF  Request starting HTTP/2 GET https://localhost:7086/swagger/index.html - -
2023-04-08 16:34:53.460 +01:00  INF  Request finished HTTP/2 GET https://localhost:7086/swagger/index.html - - - 200 - text/html;charset=utf-8 478.1559ms
2023-04-08 16:34:53.480 +01:00  INF  Request starting HTTP/2 GET https://localhost:7086/_framework/aspnetcore-browser-refresh.js - -
2023-04-08 16:34:53.509 +01:00  INF  Request finished HTTP/2 GET https://localhost:7086/_framework/aspnetcore-browser-refresh.js - - - 200 12000 application/javascript;+charset=utf-8 28.6744ms
2023-04-08 16:34:53.513 +01:00  INF  Request starting HTTP/2 GET https://localhost:7086/_vs/browserLink - -
2023-04-08 16:34:53.599 +01:00  INF  Request finished HTTP/2 GET https://localhost:7086/_vs/browserLink - - - 200 - text/javascript;+charset=UTF-8 86.2070ms
2023-04-08 16:34:53.707 +01:00  INF  Request starting HTTP/2 GET https://localhost:7086/swagger/v1/swagger.json - -
2023-04-08 16:34:53.906 +01:00  INF  Request finished HTTP/2 GET https://localhost:7086/swagger/v1/swagger.json - - - 200 - application/json;charset=utf-8 198.5234ms
2023-04-08 16:35:18.228 +01:00  INF  Request starting HTTP/2 GET https://localhost:7086/api/Song/list?PageSize=6&PageNumber=1 - -
2023-04-08 16:35:18.249 +01:00  INF  Executing endpoint 'MultiTracksAPI.Controllers.SongController.Get (MultiTracks.API)'
2023-04-08 16:35:18.331 +01:00  INF  Route matched with {action = "Get", controller = "Song"}. Executing controller action with signature System.Threading.Tasks.Task`1[Microsoft.AspNetCore.Mvc.IActionResult] Get(MultiTracks.API.Domain.Models.Dtos.RequestParam) on controller MultiTracksAPI.Controllers.SongController (MultiTracks.API).
2023-04-08 16:35:18.719 +01:00  INF  Executing Get Songs endpoint..............
2023-04-08 16:35:18.795 +01:00  INF  Entity Framework Core 6.0.15 initialized 'AppDbContext' using provider 'Microsoft.EntityFrameworkCore.SqlServer:6.0.15' with options: None
2023-04-08 16:35:20.560 +01:00  INF  Executed DbCommand (199ms) [Parameters=[@__p_0='?' (DbType = Int32), @__p_1='?' (DbType = Int32)], CommandType='"Text"', CommandTimeout='30']
SELECT [t].[SongId], [t].[AlbumId], [t].[ArtistId], [t].[Bpm], [t].[Chart], [t].[CustomMix], [t].[DateCreation], [t].[Multitracks], [t].[Patches], [t].[ProPresenter], [t].[RehearsalMix], [t].[SongSpecificPatches], [t].[TimeSignature], [t].[Title], [a].[ArtistId], [a].[Biography], [a].[DateCreation], [a].[HeroUrl], [a].[ImageUrl], [a].[Title], [a0].[AlbumId], [a0].[ArtistId], [a0].[DateCreation], [a0].[ImageUrl], [a0].[Title], [a0].[Year]
FROM (
    SELECT [s].[SongId], [s].[AlbumId], [s].[ArtistId], [s].[Bpm], [s].[Chart], [s].[CustomMix], [s].[DateCreation], [s].[Multitracks], [s].[Patches], [s].[ProPresenter], [s].[RehearsalMix], [s].[SongSpecificPatches], [s].[TimeSignature], [s].[Title]
    FROM [Song] AS [s]
    ORDER BY [s].[SongId]
    OFFSET @__p_0 ROWS FETCH NEXT @__p_1 ROWS ONLY
) AS [t]
INNER JOIN [Artist] AS [a] ON [t].[ArtistId] = [a].[ArtistId]
INNER JOIN [Album] AS [a0] ON [t].[AlbumId] = [a0].[AlbumId]
ORDER BY [t].[SongId]
2023-04-08 16:35:21.055 +01:00  INF  Get Songs Endpoint executed successfully.........
2023-04-08 16:35:21.075 +01:00  INF  Executing OkObjectResult, writing value of type 'System.Collections.Generic.List`1[[MultiTracks.API.Domain.Models.Dtos.SongDto, MultiTracks.API, Version=1.0.0.0, Culture=neutral, PublicKeyToken=null]]'.
2023-04-08 16:35:21.143 +01:00  INF  Executed action MultiTracksAPI.Controllers.SongController.Get (MultiTracks.API) in 2791.0115ms
2023-04-08 16:35:21.147 +01:00  INF  Executed endpoint 'MultiTracksAPI.Controllers.SongController.Get (MultiTracks.API)'
2023-04-08 16:35:21.174 +01:00  INF  Request finished HTTP/2 GET https://localhost:7086/api/Song/list?PageSize=6&PageNumber=1 - - - 200 - application/json;+charset=utf-8 2945.6872ms
2023-04-08 16:35:28.872 +01:00  INF  Request starting HTTP/2 GET https://localhost:7086/api/Song/list?PageSize=2&PageNumber=1 - -
2023-04-08 16:35:28.877 +01:00  INF  Executing endpoint 'MultiTracksAPI.Controllers.SongController.Get (MultiTracks.API)'
2023-04-08 16:35:28.878 +01:00  INF  Route matched with {action = "Get", controller = "Song"}. Executing controller action with signature System.Threading.Tasks.Task`1[Microsoft.AspNetCore.Mvc.IActionResult] Get(MultiTracks.API.Domain.Models.Dtos.RequestParam) on controller MultiTracksAPI.Controllers.SongController (MultiTracks.API).
2023-04-08 16:35:28.879 +01:00  INF  Executing Get Songs endpoint..............
2023-04-08 16:35:28.997 +01:00  INF  Entity Framework Core 6.0.15 initialized 'AppDbContext' using provider 'Microsoft.EntityFrameworkCore.SqlServer:6.0.15' with options: None
2023-04-08 16:35:29.028 +01:00  INF  Executed DbCommand (24ms) [Parameters=[@__p_0='?' (DbType = Int32), @__p_1='?' (DbType = Int32)], CommandType='"Text"', CommandTimeout='30']
SELECT [t].[SongId], [t].[AlbumId], [t].[ArtistId], [t].[Bpm], [t].[Chart], [t].[CustomMix], [t].[DateCreation], [t].[Multitracks], [t].[Patches], [t].[ProPresenter], [t].[RehearsalMix], [t].[SongSpecificPatches], [t].[TimeSignature], [t].[Title], [a].[ArtistId], [a].[Biography], [a].[DateCreation], [a].[HeroUrl], [a].[ImageUrl], [a].[Title], [a0].[AlbumId], [a0].[ArtistId], [a0].[DateCreation], [a0].[ImageUrl], [a0].[Title], [a0].[Year]
FROM (
    SELECT [s].[SongId], [s].[AlbumId], [s].[ArtistId], [s].[Bpm], [s].[Chart], [s].[CustomMix], [s].[DateCreation], [s].[Multitracks], [s].[Patches], [s].[ProPresenter], [s].[RehearsalMix], [s].[SongSpecificPatches], [s].[TimeSignature], [s].[Title]
    FROM [Song] AS [s]
    ORDER BY [s].[SongId]
    OFFSET @__p_0 ROWS FETCH NEXT @__p_1 ROWS ONLY
) AS [t]
INNER JOIN [Artist] AS [a] ON [t].[ArtistId] = [a].[ArtistId]
INNER JOIN [Album] AS [a0] ON [t].[AlbumId] = [a0].[AlbumId]
ORDER BY [t].[SongId]
2023-04-08 16:35:29.029 +01:00  INF  Get Songs Endpoint executed successfully.........
2023-04-08 16:35:29.029 +01:00  INF  Executing OkObjectResult, writing value of type 'System.Collections.Generic.List`1[[MultiTracks.API.Domain.Models.Dtos.SongDto, MultiTracks.API, Version=1.0.0.0, Culture=neutral, PublicKeyToken=null]]'.
2023-04-08 16:35:29.030 +01:00  INF  Executed action MultiTracksAPI.Controllers.SongController.Get (MultiTracks.API) in 152.5239ms
2023-04-08 16:35:29.030 +01:00  INF  Executed endpoint 'MultiTracksAPI.Controllers.SongController.Get (MultiTracks.API)'
2023-04-08 16:35:29.031 +01:00  INF  Request finished HTTP/2 GET https://localhost:7086/api/Song/list?PageSize=2&PageNumber=1 - - - 200 - application/json;+charset=utf-8 159.0749ms
2023-04-08 16:35:44.746 +01:00  INF  Request starting HTTP/2 GET https://localhost:7086/api/Song/list?PageSize=11&PageNumber=1 - -
2023-04-08 16:35:44.746 +01:00  INF  Executing endpoint 'MultiTracksAPI.Controllers.SongController.Get (MultiTracks.API)'
2023-04-08 16:35:44.746 +01:00  INF  Route matched with {action = "Get", controller = "Song"}. Executing controller action with signature System.Threading.Tasks.Task`1[Microsoft.AspNetCore.Mvc.IActionResult] Get(MultiTracks.API.Domain.Models.Dtos.RequestParam) on controller MultiTracksAPI.Controllers.SongController (MultiTracks.API).
2023-04-08 16:35:44.770 +01:00  INF  Executing Get Songs endpoint..............
2023-04-08 16:35:44.771 +01:00  INF  Entity Framework Core 6.0.15 initialized 'AppDbContext' using provider 'Microsoft.EntityFrameworkCore.SqlServer:6.0.15' with options: None
2023-04-08 16:35:44.800 +01:00  INF  Executed DbCommand (26ms) [Parameters=[@__p_0='?' (DbType = Int32), @__p_1='?' (DbType = Int32)], CommandType='"Text"', CommandTimeout='30']
SELECT [t].[SongId], [t].[AlbumId], [t].[ArtistId], [t].[Bpm], [t].[Chart], [t].[CustomMix], [t].[DateCreation], [t].[Multitracks], [t].[Patches], [t].[ProPresenter], [t].[RehearsalMix], [t].[SongSpecificPatches], [t].[TimeSignature], [t].[Title], [a].[ArtistId], [a].[Biography], [a].[DateCreation], [a].[HeroUrl], [a].[ImageUrl], [a].[Title], [a0].[AlbumId], [a0].[ArtistId], [a0].[DateCreation], [a0].[ImageUrl], [a0].[Title], [a0].[Year]
FROM (
    SELECT [s].[SongId], [s].[AlbumId], [s].[ArtistId], [s].[Bpm], [s].[Chart], [s].[CustomMix], [s].[DateCreation], [s].[Multitracks], [s].[Patches], [s].[ProPresenter], [s].[RehearsalMix], [s].[SongSpecificPatches], [s].[TimeSignature], [s].[Title]
    FROM [Song] AS [s]
    ORDER BY [s].[SongId]
    OFFSET @__p_0 ROWS FETCH NEXT @__p_1 ROWS ONLY
) AS [t]
INNER JOIN [Artist] AS [a] ON [t].[ArtistId] = [a].[ArtistId]
INNER JOIN [Album] AS [a0] ON [t].[AlbumId] = [a0].[AlbumId]
ORDER BY [t].[SongId]
2023-04-08 16:35:44.803 +01:00  INF  Get Songs Endpoint executed successfully.........
2023-04-08 16:35:44.803 +01:00  INF  Executing OkObjectResult, writing value of type 'System.Collections.Generic.List`1[[MultiTracks.API.Domain.Models.Dtos.SongDto, MultiTracks.API, Version=1.0.0.0, Culture=neutral, PublicKeyToken=null]]'.
2023-04-08 16:35:44.804 +01:00  INF  Executed action MultiTracksAPI.Controllers.SongController.Get (MultiTracks.API) in 57.9749ms
2023-04-08 16:35:44.804 +01:00  INF  Executed endpoint 'MultiTracksAPI.Controllers.SongController.Get (MultiTracks.API)'
2023-04-08 16:35:44.805 +01:00  INF  Request finished HTTP/2 GET https://localhost:7086/api/Song/list?PageSize=11&PageNumber=1 - - - 200 - application/json;+charset=utf-8 58.6574ms
