2023-05-07 21:44:12.631 +01:00  INF  Application is starting
2023-05-07 21:44:14.762 +01:00  WRN  No store type was specified for the decimal property 'Bpm' on entity type 'Song'. This will cause values to be silently truncated if they do not fit in the default precision and scale. Explicitly specify the SQL server column type that can accommodate all the values in 'OnModelCreating' using 'HasColumnType', specify precision and scale using 'HasPrecision', or configure a value converter using 'HasConversion'.
2023-05-07 21:44:14.985 +01:00  INF  Entity Framework Core 6.0.15 initialized 'AppDbContext' using provider 'Microsoft.EntityFrameworkCore.SqlServer:6.0.15' with options: None
2023-05-07 21:44:16.840 +01:00  INF  Executed DbCommand (34ms) [Parameters=[], CommandType='"Text"', CommandTimeout='30']
SELECT 1
2023-05-07 21:44:16.897 +01:00  INF  Executed DbCommand (29ms) [Parameters=[], CommandType='"Text"', CommandTimeout='30']
SELECT OBJECT_ID(N'[__EFMigrationsHistory]');
2023-05-07 21:44:16.900 +01:00  INF  Executed DbCommand (2ms) [Parameters=[], CommandType='"Text"', CommandTimeout='30']
SELECT 1
2023-05-07 21:44:16.901 +01:00  INF  Executed DbCommand (0ms) [Parameters=[], CommandType='"Text"', CommandTimeout='30']
SELECT OBJECT_ID(N'[__EFMigrationsHistory]');
2023-05-07 21:44:16.938 +01:00  INF  Executed DbCommand (9ms) [Parameters=[], CommandType='"Text"', CommandTimeout='30']
SELECT [MigrationId], [ProductVersion]
FROM [__EFMigrationsHistory]
ORDER BY [MigrationId];
2023-05-07 21:44:16.971 +01:00  INF  No migrations were applied. The database is already up to date.
2023-05-07 21:44:17.359 +01:00  INF  Now listening on: https://localhost:7086
2023-05-07 21:44:17.359 +01:00  INF  Now listening on: http://localhost:5201
2023-05-07 21:44:17.365 +01:00  INF  Application started. Press Ctrl+C to shut down.
2023-05-07 21:44:17.365 +01:00  INF  Hosting environment: Development
2023-05-07 21:44:17.365 +01:00  INF  Content root path: C:\Users\Kehinde Aregbesola\Desktop\interview questions and answers\.net\Web\MultiTracks.API\
2023-05-07 21:44:18.772 +01:00  INF  Request starting HTTP/2 GET https://localhost:7086/swagger - -
2023-05-07 21:44:18.997 +01:00  INF  Request finished HTTP/2 GET https://localhost:7086/swagger - - - 301 0 - 233.6210ms
2023-05-07 21:44:19.027 +01:00  INF  Request starting HTTP/2 GET https://localhost:7086/swagger/index.html - -
2023-05-07 21:44:19.436 +01:00  INF  Request finished HTTP/2 GET https://localhost:7086/swagger/index.html - - - 200 - text/html;charset=utf-8 408.9603ms
2023-05-07 21:44:19.481 +01:00  INF  Request starting HTTP/2 GET https://localhost:7086/swagger/swagger-ui.css - -
2023-05-07 21:44:19.524 +01:00  INF  Request starting HTTP/2 GET https://localhost:7086/swagger/swagger-ui-bundle.js - -
2023-05-07 21:44:19.528 +01:00  INF  Request starting HTTP/2 GET https://localhost:7086/swagger/swagger-ui-standalone-preset.js - -
2023-05-07 21:44:19.529 +01:00  INF  Request starting HTTP/2 GET https://localhost:7086/_framework/aspnetcore-browser-refresh.js - -
2023-05-07 21:44:19.531 +01:00  INF  Request starting HTTP/2 GET https://localhost:7086/_vs/browserLink - -
2023-05-07 21:44:19.592 +01:00  INF  Request finished HTTP/2 GET https://localhost:7086/_framework/aspnetcore-browser-refresh.js - - - 200 12000 application/javascript;+charset=utf-8 63.4525ms
2023-05-07 21:44:19.599 +01:00  INF  Sending file. Request path: '/swagger-ui.css'. Physical path: 'N/A'
2023-05-07 21:44:19.601 +01:00  INF  Request finished HTTP/2 GET https://localhost:7086/swagger/swagger-ui.css - - - 200 143632 text/css 120.7650ms
2023-05-07 21:44:19.623 +01:00  INF  Sending file. Request path: '/swagger-ui-standalone-preset.js'. Physical path: 'N/A'
2023-05-07 21:44:19.623 +01:00  INF  Request finished HTTP/2 GET https://localhost:7086/swagger/swagger-ui-standalone-preset.js - - - 200 337162 application/javascript 95.7254ms
2023-05-07 21:44:19.623 +01:00  INF  Sending file. Request path: '/swagger-ui-bundle.js'. Physical path: 'N/A'
2023-05-07 21:44:19.623 +01:00  INF  Request finished HTTP/2 GET https://localhost:7086/swagger/swagger-ui-bundle.js - - - 200 1092889 application/javascript 99.0925ms
2023-05-07 21:44:19.704 +01:00  INF  Request finished HTTP/2 GET https://localhost:7086/_vs/browserLink - - - 200 - text/javascript;+charset=UTF-8 172.6977ms
2023-05-07 21:44:20.767 +01:00  INF  Request starting HTTP/2 GET https://localhost:7086/swagger/v1/swagger.json - -
2023-05-07 21:44:20.811 +01:00  INF  Request starting HTTP/2 GET https://localhost:7086/swagger/favicon-32x32.png - -
2023-05-07 21:44:20.813 +01:00  INF  Sending file. Request path: '/favicon-32x32.png'. Physical path: 'N/A'
2023-05-07 21:44:20.814 +01:00  INF  Request finished HTTP/2 GET https://localhost:7086/swagger/favicon-32x32.png - - - 200 628 image/png 2.7665ms
2023-05-07 21:44:21.020 +01:00  INF  Request finished HTTP/2 GET https://localhost:7086/swagger/v1/swagger.json - - - 200 - application/json;charset=utf-8 252.7485ms
2023-05-07 21:44:29.165 +01:00  INF  Request starting HTTP/2 GET https://localhost:7086/api/Artist/search/jj - -
2023-05-07 21:44:29.232 +01:00  INF  Executing endpoint 'MultiTracks.API.Controllers.ArtistController.Search (MultiTracks.API)'
2023-05-07 21:44:29.258 +01:00  INF  Route matched with {action = "Search", controller = "Artist"}. Executing controller action with signature System.Threading.Tasks.Task`1[Microsoft.AspNetCore.Mvc.IActionResult] Search(System.String) on controller MultiTracks.API.Controllers.ArtistController (MultiTracks.API).
2023-05-07 21:44:29.406 +01:00  INF  Executing Get Artist by name endpoint
2023-05-07 21:44:29.425 +01:00  INF  Entity Framework Core 6.0.15 initialized 'AppDbContext' using provider 'Microsoft.EntityFrameworkCore.SqlServer:6.0.15' with options: None
2023-05-07 21:44:30.053 +01:00  INF  Executed DbCommand (64ms) [Parameters=[@__ToLower_0='?' (Size = 4000)], CommandType='"Text"', CommandTimeout='30']
SELECT [a].[ArtistId], [a].[Biography], [a].[DateCreation], [a].[HeroUrl], [a].[ImageUrl], [a].[Title]
FROM [Artist] AS [a]
WHERE (@__ToLower_0 LIKE N'') OR (CHARINDEX(@__ToLower_0, LOWER([a].[Title])) > 0)
2023-05-07 21:44:30.168 +01:00  INF  Get Artist by name endpoint executed succesfully
2023-05-07 21:44:30.174 +01:00  INF  Executing OkObjectResult, writing value of type 'System.Collections.Generic.List`1[[MultiTracks.API.Domain.Models.Dtos.ArtistGetDto, MultiTracks.API, Version=1.0.0.0, Culture=neutral, PublicKeyToken=null]]'.
2023-05-07 21:44:30.191 +01:00  INF  Executed action MultiTracks.API.Controllers.ArtistController.Search (MultiTracks.API) in 928.0144ms
2023-05-07 21:44:30.193 +01:00  INF  Executed endpoint 'MultiTracks.API.Controllers.ArtistController.Search (MultiTracks.API)'
2023-05-07 21:44:30.202 +01:00  INF  Request finished HTTP/2 GET https://localhost:7086/api/Artist/search/jj - - - 200 - application/json;+charset=utf-8 1037.6466ms
2023-05-07 21:44:40.122 +01:00  INF  Request starting HTTP/2 GET https://localhost:7086/api/Artist/search/hi - -
2023-05-07 21:44:40.125 +01:00  INF  Executing endpoint 'MultiTracks.API.Controllers.ArtistController.Search (MultiTracks.API)'
2023-05-07 21:44:40.125 +01:00  INF  Route matched with {action = "Search", controller = "Artist"}. Executing controller action with signature System.Threading.Tasks.Task`1[Microsoft.AspNetCore.Mvc.IActionResult] Search(System.String) on controller MultiTracks.API.Controllers.ArtistController (MultiTracks.API).
2023-05-07 21:44:40.126 +01:00  INF  Executing Get Artist by name endpoint
2023-05-07 21:44:40.172 +01:00  INF  Entity Framework Core 6.0.15 initialized 'AppDbContext' using provider 'Microsoft.EntityFrameworkCore.SqlServer:6.0.15' with options: None
2023-05-07 21:44:40.179 +01:00  INF  Executed DbCommand (4ms) [Parameters=[@__ToLower_0='?' (Size = 4000)], CommandType='"Text"', CommandTimeout='30']
SELECT [a].[ArtistId], [a].[Biography], [a].[DateCreation], [a].[HeroUrl], [a].[ImageUrl], [a].[Title]
FROM [Artist] AS [a]
WHERE (@__ToLower_0 LIKE N'') OR (CHARINDEX(@__ToLower_0, LOWER([a].[Title])) > 0)
2023-05-07 21:44:40.180 +01:00  INF  Get Artist by name endpoint executed succesfully
2023-05-07 21:44:40.180 +01:00  INF  Executing OkObjectResult, writing value of type 'System.Collections.Generic.List`1[[MultiTracks.API.Domain.Models.Dtos.ArtistGetDto, MultiTracks.API, Version=1.0.0.0, Culture=neutral, PublicKeyToken=null]]'.
2023-05-07 21:44:40.182 +01:00  INF  Executed action MultiTracks.API.Controllers.ArtistController.Search (MultiTracks.API) in 56.934ms
2023-05-07 21:44:40.182 +01:00  INF  Executed endpoint 'MultiTracks.API.Controllers.ArtistController.Search (MultiTracks.API)'
2023-05-07 21:44:40.183 +01:00  INF  Request finished HTTP/2 GET https://localhost:7086/api/Artist/search/hi - - - 200 - application/json;+charset=utf-8 61.4153ms
2023-05-07 21:44:53.094 +01:00  INF  Request starting HTTP/2 GET https://localhost:7086/api/Song/list - -
2023-05-07 21:44:53.094 +01:00  INF  Executing endpoint 'MultiTracksAPI.Controllers.SongController.Get (MultiTracks.API)'
2023-05-07 21:44:53.104 +01:00  INF  Route matched with {action = "Get", controller = "Song"}. Executing controller action with signature System.Threading.Tasks.Task`1[Microsoft.AspNetCore.Mvc.IActionResult] Get(MultiTracks.API.Domain.Models.Dtos.RequestParam) on controller MultiTracksAPI.Controllers.SongController (MultiTracks.API).
2023-05-07 21:44:53.112 +01:00  INF  Executing Get Songs endpoint..............
2023-05-07 21:44:53.114 +01:00  INF  Entity Framework Core 6.0.15 initialized 'AppDbContext' using provider 'Microsoft.EntityFrameworkCore.SqlServer:6.0.15' with options: None
2023-05-07 21:44:53.238 +01:00  INF  Executed DbCommand (16ms) [Parameters=[@__p_0='?' (DbType = Int32), @__p_1='?' (DbType = Int32)], CommandType='"Text"', CommandTimeout='30']
SELECT [t].[SongId], [t].[AlbumId], [t].[ArtistId], [t].[Bpm], [t].[Chart], [t].[CustomMix], [t].[DateCreation], [t].[Multitracks], [t].[Patches], [t].[ProPresenter], [t].[RehearsalMix], [t].[SongSpecificPatches], [t].[TimeSignature], [t].[Title], [a].[ArtistId], [a].[Biography], [a].[DateCreation], [a].[HeroUrl], [a].[ImageUrl], [a].[Title], [a0].[AlbumId], [a0].[ArtistId], [a0].[DateCreation], [a0].[ImageUrl], [a0].[Title], [a0].[Year]
FROM (
    SELECT [s].[SongId], [s].[AlbumId], [s].[ArtistId], [s].[Bpm], [s].[Chart], [s].[CustomMix], [s].[DateCreation], [s].[Multitracks], [s].[Patches], [s].[ProPresenter], [s].[RehearsalMix], [s].[SongSpecificPatches], [s].[TimeSignature], [s].[Title]
    FROM [Song] AS [s]
    ORDER BY [s].[SongId]
    OFFSET @__p_0 ROWS FETCH NEXT @__p_1 ROWS ONLY
) AS [t]
INNER JOIN [Artist] AS [a] ON [t].[ArtistId] = [a].[ArtistId]
INNER JOIN [Album] AS [a0] ON [t].[AlbumId] = [a0].[AlbumId]
ORDER BY [t].[SongId]
2023-05-07 21:44:53.290 +01:00  INF  Get Songs Endpoint executed successfully.........
2023-05-07 21:44:53.290 +01:00  INF  Executing OkObjectResult, writing value of type 'System.Collections.Generic.List`1[[MultiTracks.API.Domain.Models.Dtos.SongDto, MultiTracks.API, Version=1.0.0.0, Culture=neutral, PublicKeyToken=null]]'.
2023-05-07 21:44:53.297 +01:00  INF  Executed action MultiTracksAPI.Controllers.SongController.Get (MultiTracks.API) in 193.4756ms
2023-05-07 21:44:53.297 +01:00  INF  Executed endpoint 'MultiTracksAPI.Controllers.SongController.Get (MultiTracks.API)'
2023-05-07 21:44:53.298 +01:00  INF  Request finished HTTP/2 GET https://localhost:7086/api/Song/list - - - 200 - application/json;+charset=utf-8 204.1104ms
2023-05-07 21:45:32.317 +01:00  INF  Request starting HTTP/2 POST https://localhost:7086/api/Artist/add application/json 116
2023-05-07 21:45:32.346 +01:00  INF  Executing endpoint 'MultiTracks.API.Controllers.ArtistController.Add (MultiTracks.API)'
2023-05-07 21:45:32.350 +01:00  INF  Route matched with {action = "Add", controller = "Artist"}. Executing controller action with signature System.Threading.Tasks.Task`1[Microsoft.AspNetCore.Mvc.IActionResult] Add(MultiTracks.API.Domain.Models.Dtos.ArtistCreateDto) on controller MultiTracks.API.Controllers.ArtistController (MultiTracks.API).
2023-05-07 21:45:32.364 +01:00  INF  Executing Add Artist to database
2023-05-07 21:45:32.370 +01:00  INF  Entity Framework Core 6.0.15 initialized 'AppDbContext' using provider 'Microsoft.EntityFrameworkCore.SqlServer:6.0.15' with options: None
2023-05-07 21:45:32.537 +01:00  INF  Executed DbCommand (8ms) [Parameters=[@p0='?' (Size = 4000), @p1='?' (DbType = DateTime2), @p2='?' (Size = 4000), @p3='?' (Size = 4000), @p4='?' (Size = 4000)], CommandType='"Text"', CommandTimeout='30']
SET NOCOUNT ON;
INSERT INTO [Artist] ([Biography], [DateCreation], [HeroUrl], [ImageUrl], [Title])
VALUES (@p0, @p1, @p2, @p3, @p4);
SELECT [ArtistId]
FROM [Artist]
WHERE @@ROWCOUNT = 1 AND [ArtistId] = scope_identity();
2023-05-07 21:45:32.603 +01:00  INF  Executing CreatedAtRouteResult, writing value of type 'MultiTracks.API.Domain.Models.Dtos.ArtistGetDto'.
2023-05-07 21:45:32.637 +01:00  INF  Executed action MultiTracks.API.Controllers.ArtistController.Add (MultiTracks.API) in 286.7715ms
2023-05-07 21:45:32.637 +01:00  INF  Executed endpoint 'MultiTracks.API.Controllers.ArtistController.Add (MultiTracks.API)'
2023-05-07 21:45:32.637 +01:00  INF  Request finished HTTP/2 POST https://localhost:7086/api/Artist/add application/json 116 - 201 - application/json;+charset=utf-8 325.6105ms
2023-05-07 21:45:51.744 +01:00  INF  Request starting HTTP/2 GET https://localhost:7086/api/Artist/search/we - -
2023-05-07 21:45:51.751 +01:00  INF  Executing endpoint 'MultiTracks.API.Controllers.ArtistController.Search (MultiTracks.API)'
2023-05-07 21:45:51.752 +01:00  INF  Route matched with {action = "Search", controller = "Artist"}. Executing controller action with signature System.Threading.Tasks.Task`1[Microsoft.AspNetCore.Mvc.IActionResult] Search(System.String) on controller MultiTracks.API.Controllers.ArtistController (MultiTracks.API).
2023-05-07 21:45:51.752 +01:00  INF  Executing Get Artist by name endpoint
2023-05-07 21:45:51.752 +01:00  INF  Entity Framework Core 6.0.15 initialized 'AppDbContext' using provider 'Microsoft.EntityFrameworkCore.SqlServer:6.0.15' with options: None
2023-05-07 21:45:51.756 +01:00  INF  Executed DbCommand (3ms) [Parameters=[@__ToLower_0='?' (Size = 4000)], CommandType='"Text"', CommandTimeout='30']
SELECT [a].[ArtistId], [a].[Biography], [a].[DateCreation], [a].[HeroUrl], [a].[ImageUrl], [a].[Title]
FROM [Artist] AS [a]
WHERE (@__ToLower_0 LIKE N'') OR (CHARINDEX(@__ToLower_0, LOWER([a].[Title])) > 0)
2023-05-07 21:45:51.757 +01:00  INF  Get Artist by name endpoint executed succesfully
2023-05-07 21:45:51.757 +01:00  INF  Executing OkObjectResult, writing value of type 'System.Collections.Generic.List`1[[MultiTracks.API.Domain.Models.Dtos.ArtistGetDto, MultiTracks.API, Version=1.0.0.0, Culture=neutral, PublicKeyToken=null]]'.
2023-05-07 21:45:51.757 +01:00  INF  Executed action MultiTracks.API.Controllers.ArtistController.Search (MultiTracks.API) in 5.1584ms
2023-05-07 21:45:51.757 +01:00  INF  Executed endpoint 'MultiTracks.API.Controllers.ArtistController.Search (MultiTracks.API)'
2023-05-07 21:45:51.757 +01:00  INF  Request finished HTTP/2 GET https://localhost:7086/api/Artist/search/we - - - 200 - application/json;+charset=utf-8 15.0380ms
