2023-03-21 12:27:18.530 +01:00  WRN  No store type was specified for the decimal property 'Bpm' on entity type 'Song'. This will cause values to be silently truncated if they do not fit in the default precision and scale. Explicitly specify the SQL server column type that can accommodate all the values in 'OnModelCreating' using 'HasColumnType', specify precision and scale using 'HasPrecision', or configure a value converter using 'HasConversion'.
2023-03-21 12:27:18.752 +01:00  INF  Entity Framework Core 6.0.15 initialized 'AppDbContext' using provider 'Microsoft.EntityFrameworkCore.SqlServer:6.0.15' with options: None
2023-03-21 12:27:18.776 +01:00  WRN  No store type was specified for the decimal property 'Bpm' on entity type 'Song'. This will cause values to be silently truncated if they do not fit in the default precision and scale. Explicitly specify the SQL server column type that can accommodate all the values in 'OnModelCreating' using 'HasColumnType', specify precision and scale using 'HasPrecision', or configure a value converter using 'HasConversion'.
2023-03-21 12:28:15.490 +01:00  WRN  No store type was specified for the decimal property 'Bpm' on entity type 'Song'. This will cause values to be silently truncated if they do not fit in the default precision and scale. Explicitly specify the SQL server column type that can accommodate all the values in 'OnModelCreating' using 'HasColumnType', specify precision and scale using 'HasPrecision', or configure a value converter using 'HasConversion'.
2023-03-21 12:28:15.697 +01:00  INF  Entity Framework Core 6.0.15 initialized 'AppDbContext' using provider 'Microsoft.EntityFrameworkCore.SqlServer:6.0.15' with options: None
2023-03-21 12:28:16.116 +01:00  INF  Executed DbCommand (18ms) [Parameters=[], CommandType='"Text"', CommandTimeout='30']
SELECT 1
2023-03-21 12:28:16.153 +01:00  INF  Executed DbCommand (19ms) [Parameters=[], CommandType='"Text"', CommandTimeout='30']
SELECT OBJECT_ID(N'[__EFMigrationsHistory]');
2023-03-21 12:28:16.158 +01:00  INF  Executed DbCommand (2ms) [Parameters=[], CommandType='"Text"', CommandTimeout='30']
SELECT 1
2023-03-21 12:28:16.159 +01:00  INF  Executed DbCommand (0ms) [Parameters=[], CommandType='"Text"', CommandTimeout='30']
SELECT OBJECT_ID(N'[__EFMigrationsHistory]');
2023-03-21 12:28:16.188 +01:00  INF  Executed DbCommand (4ms) [Parameters=[], CommandType='"Text"', CommandTimeout='30']
SELECT [MigrationId], [ProductVersion]
FROM [__EFMigrationsHistory]
ORDER BY [MigrationId];
2023-03-21 12:28:16.210 +01:00  INF  Applying migration '20230321112718_initial'.
2023-03-21 12:28:16.311 +01:00  ERR  Failed executing DbCommand (21ms) [Parameters=[], CommandType='"Text"', CommandTimeout='30']
CREATE TABLE [Album] (
    [AlbumId] int NOT NULL IDENTITY,
    [Title] nvarchar(max) NOT NULL,
    [ImageUrl] nvarchar(max) NOT NULL,
    [Year] int NOT NULL,
    [DateCreation] datetime2 NOT NULL,
    [ArtistId] int NOT NULL,
    CONSTRAINT [PK_Album] PRIMARY KEY ([AlbumId])
);
2023-03-21 12:28:47.127 +01:00  WRN  No store type was specified for the decimal property 'Bpm' on entity type 'Song'. This will cause values to be silently truncated if they do not fit in the default precision and scale. Explicitly specify the SQL server column type that can accommodate all the values in 'OnModelCreating' using 'HasColumnType', specify precision and scale using 'HasPrecision', or configure a value converter using 'HasConversion'.
2023-03-21 12:28:47.269 +01:00  INF  Entity Framework Core 6.0.15 initialized 'AppDbContext' using provider 'Microsoft.EntityFrameworkCore.SqlServer:6.0.15' with options: None
2023-03-21 12:28:47.526 +01:00  WRN  No store type was specified for the decimal property 'Bpm' on entity type 'Song'. This will cause values to be silently truncated if they do not fit in the default precision and scale. Explicitly specify the SQL server column type that can accommodate all the values in 'OnModelCreating' using 'HasColumnType', specify precision and scale using 'HasPrecision', or configure a value converter using 'HasConversion'.
2023-03-21 12:28:47.742 +01:00  INF  Executed DbCommand (172ms) [Parameters=[], CommandType='"Text"', CommandTimeout='60']
CREATE DATABASE [MultiTracksDB];
2023-03-21 12:28:47.805 +01:00  INF  Executed DbCommand (59ms) [Parameters=[], CommandType='"Text"', CommandTimeout='60']
IF SERVERPROPERTY('EngineEdition') <> 5
BEGIN
    ALTER DATABASE [MultiTracksDB] SET READ_COMMITTED_SNAPSHOT ON;
END;
2023-03-21 12:28:47.819 +01:00  INF  Executed DbCommand (5ms) [Parameters=[], CommandType='"Text"', CommandTimeout='30']
SELECT 1
2023-03-21 12:28:47.908 +01:00  INF  Executed DbCommand (10ms) [Parameters=[], CommandType='"Text"', CommandTimeout='30']
CREATE TABLE [__EFMigrationsHistory] (
    [MigrationId] nvarchar(150) NOT NULL,
    [ProductVersion] nvarchar(32) NOT NULL,
    CONSTRAINT [PK___EFMigrationsHistory] PRIMARY KEY ([MigrationId])
);
2023-03-21 12:28:47.910 +01:00  INF  Executed DbCommand (0ms) [Parameters=[], CommandType='"Text"', CommandTimeout='30']
SELECT 1
2023-03-21 12:28:47.933 +01:00  INF  Executed DbCommand (16ms) [Parameters=[], CommandType='"Text"', CommandTimeout='30']
SELECT OBJECT_ID(N'[__EFMigrationsHistory]');
2023-03-21 12:28:47.946 +01:00  INF  Executed DbCommand (9ms) [Parameters=[], CommandType='"Text"', CommandTimeout='30']
SELECT [MigrationId], [ProductVersion]
FROM [__EFMigrationsHistory]
ORDER BY [MigrationId];
2023-03-21 12:28:47.963 +01:00  INF  Applying migration '20230321112718_initial'.
2023-03-21 12:28:48.009 +01:00  INF  Executed DbCommand (4ms) [Parameters=[], CommandType='"Text"', CommandTimeout='30']
CREATE TABLE [Album] (
    [AlbumId] int NOT NULL IDENTITY,
    [Title] nvarchar(max) NOT NULL,
    [ImageUrl] nvarchar(max) NOT NULL,
    [Year] int NOT NULL,
    [DateCreation] datetime2 NOT NULL,
    [ArtistId] int NOT NULL,
    CONSTRAINT [PK_Album] PRIMARY KEY ([AlbumId])
);
2023-03-21 12:28:48.011 +01:00  INF  Executed DbCommand (2ms) [Parameters=[], CommandType='"Text"', CommandTimeout='30']
CREATE TABLE [Artist] (
    [ArtistId] int NOT NULL IDENTITY,
    [Title] nvarchar(max) NOT NULL,
    [Biography] nvarchar(max) NOT NULL,
    [ImageUrl] nvarchar(max) NOT NULL,
    [HeroUrl] nvarchar(max) NOT NULL,
    [DateCreation] datetime2 NOT NULL,
    CONSTRAINT [PK_Artist] PRIMARY KEY ([ArtistId])
);
2023-03-21 12:28:48.015 +01:00  INF  Executed DbCommand (4ms) [Parameters=[], CommandType='"Text"', CommandTimeout='30']
CREATE TABLE [Song] (
    [SongId] int NOT NULL IDENTITY,
    [Title] nvarchar(max) NOT NULL,
    [TimeSignature] nvarchar(max) NOT NULL,
    [Bpm] decimal(18,2) NOT NULL,
    [Multitracks] bit NOT NULL,
    [CustomMix] bit NOT NULL,
    [Chart] bit NOT NULL,
    [RehearsalMix] bit NOT NULL,
    [Patches] bit NOT NULL,
    [SongSpecificPatches] bit NOT NULL,
    [ProPresenter] bit NOT NULL,
    [DateCreation] datetime2 NOT NULL,
    [ArtistId] int NOT NULL,
    [AlbumId] int NOT NULL,
    CONSTRAINT [PK_Song] PRIMARY KEY ([SongId]),
    CONSTRAINT [FK_Song_Album_AlbumId] FOREIGN KEY ([AlbumId]) REFERENCES [Album] ([AlbumId]) ON DELETE CASCADE,
    CONSTRAINT [FK_Song_Artist_ArtistId] FOREIGN KEY ([ArtistId]) REFERENCES [Artist] ([ArtistId]) ON DELETE CASCADE
);
2023-03-21 12:28:48.018 +01:00  INF  Executed DbCommand (3ms) [Parameters=[], CommandType='"Text"', CommandTimeout='30']
CREATE INDEX [IX_Song_AlbumId] ON [Song] ([AlbumId]);
2023-03-21 12:28:48.019 +01:00  INF  Executed DbCommand (1ms) [Parameters=[], CommandType='"Text"', CommandTimeout='30']
CREATE INDEX [IX_Song_ArtistId] ON [Song] ([ArtistId]);
2023-03-21 12:28:48.027 +01:00  INF  Executed DbCommand (8ms) [Parameters=[], CommandType='"Text"', CommandTimeout='30']
INSERT INTO [__EFMigrationsHistory] ([MigrationId], [ProductVersion])
VALUES (N'20230321112718_initial', N'6.0.15');
2023-03-21 12:32:12.827 +01:00  WRN  No store type was specified for the decimal property 'Bpm' on entity type 'Song'. This will cause values to be silently truncated if they do not fit in the default precision and scale. Explicitly specify the SQL server column type that can accommodate all the values in 'OnModelCreating' using 'HasColumnType', specify precision and scale using 'HasPrecision', or configure a value converter using 'HasConversion'.
2023-03-21 12:32:12.984 +01:00  INF  Entity Framework Core 6.0.15 initialized 'AppDbContext' using provider 'Microsoft.EntityFrameworkCore.SqlServer:6.0.15' with options: None
2023-03-21 12:32:13.008 +01:00  WRN  No store type was specified for the decimal property 'Bpm' on entity type 'Song'. This will cause values to be silently truncated if they do not fit in the default precision and scale. Explicitly specify the SQL server column type that can accommodate all the values in 'OnModelCreating' using 'HasColumnType', specify precision and scale using 'HasPrecision', or configure a value converter using 'HasConversion'.
2023-03-21 12:34:07.778 +01:00  WRN  No store type was specified for the decimal property 'Bpm' on entity type 'Song'. This will cause values to be silently truncated if they do not fit in the default precision and scale. Explicitly specify the SQL server column type that can accommodate all the values in 'OnModelCreating' using 'HasColumnType', specify precision and scale using 'HasPrecision', or configure a value converter using 'HasConversion'.
2023-03-21 12:34:07.933 +01:00  INF  Entity Framework Core 6.0.15 initialized 'AppDbContext' using provider 'Microsoft.EntityFrameworkCore.SqlServer:6.0.15' with options: None
2023-03-21 12:34:08.252 +01:00  WRN  No store type was specified for the decimal property 'Bpm' on entity type 'Song'. This will cause values to be silently truncated if they do not fit in the default precision and scale. Explicitly specify the SQL server column type that can accommodate all the values in 'OnModelCreating' using 'HasColumnType', specify precision and scale using 'HasPrecision', or configure a value converter using 'HasConversion'.
2023-03-21 12:34:08.429 +01:00  INF  Executed DbCommand (125ms) [Parameters=[], CommandType='"Text"', CommandTimeout='60']
CREATE DATABASE [MultiTracksDB];
2023-03-21 12:34:08.490 +01:00  INF  Executed DbCommand (57ms) [Parameters=[], CommandType='"Text"', CommandTimeout='60']
IF SERVERPROPERTY('EngineEdition') <> 5
BEGIN
    ALTER DATABASE [MultiTracksDB] SET READ_COMMITTED_SNAPSHOT ON;
END;
2023-03-21 12:34:08.505 +01:00  INF  Executed DbCommand (6ms) [Parameters=[], CommandType='"Text"', CommandTimeout='30']
SELECT 1
2023-03-21 12:34:08.605 +01:00  INF  Executed DbCommand (7ms) [Parameters=[], CommandType='"Text"', CommandTimeout='30']
CREATE TABLE [__EFMigrationsHistory] (
    [MigrationId] nvarchar(150) NOT NULL,
    [ProductVersion] nvarchar(32) NOT NULL,
    CONSTRAINT [PK___EFMigrationsHistory] PRIMARY KEY ([MigrationId])
);
2023-03-21 12:34:08.607 +01:00  INF  Executed DbCommand (0ms) [Parameters=[], CommandType='"Text"', CommandTimeout='30']
SELECT 1
2023-03-21 12:34:08.630 +01:00  INF  Executed DbCommand (16ms) [Parameters=[], CommandType='"Text"', CommandTimeout='30']
SELECT OBJECT_ID(N'[__EFMigrationsHistory]');
2023-03-21 12:34:08.642 +01:00  INF  Executed DbCommand (9ms) [Parameters=[], CommandType='"Text"', CommandTimeout='30']
SELECT [MigrationId], [ProductVersion]
FROM [__EFMigrationsHistory]
ORDER BY [MigrationId];
2023-03-21 12:34:08.657 +01:00  INF  Applying migration '20230321113213_initial'.
2023-03-21 12:34:08.694 +01:00  INF  Executed DbCommand (2ms) [Parameters=[], CommandType='"Text"', CommandTimeout='30']
CREATE TABLE [Artist] (
    [ArtistId] int NOT NULL IDENTITY,
    [Title] nvarchar(max) NOT NULL,
    [Biography] nvarchar(max) NOT NULL,
    [ImageUrl] nvarchar(max) NOT NULL,
    [HeroUrl] nvarchar(max) NOT NULL,
    [DateCreation] datetime2 NOT NULL,
    CONSTRAINT [PK_Artist] PRIMARY KEY ([ArtistId])
);
2023-03-21 12:34:08.697 +01:00  INF  Executed DbCommand (2ms) [Parameters=[], CommandType='"Text"', CommandTimeout='30']
CREATE TABLE [Album] (
    [AlbumId] int NOT NULL IDENTITY,
    [Title] nvarchar(max) NOT NULL,
    [ImageUrl] nvarchar(max) NOT NULL,
    [Year] int NOT NULL,
    [DateCreation] datetime2 NOT NULL,
    [ArtistId] int NOT NULL,
    CONSTRAINT [PK_Album] PRIMARY KEY ([AlbumId]),
    CONSTRAINT [FK_Album_Artist_ArtistId] FOREIGN KEY ([ArtistId]) REFERENCES [Artist] ([ArtistId]) ON DELETE CASCADE
);
2023-03-21 12:34:08.708 +01:00  ERR  Failed executing DbCommand (10ms) [Parameters=[], CommandType='"Text"', CommandTimeout='30']
CREATE TABLE [Song] (
    [SongId] int NOT NULL IDENTITY,
    [Title] nvarchar(max) NOT NULL,
    [TimeSignature] nvarchar(max) NOT NULL,
    [Bpm] decimal(18,2) NOT NULL,
    [Multitracks] bit NOT NULL,
    [CustomMix] bit NOT NULL,
    [Chart] bit NOT NULL,
    [RehearsalMix] bit NOT NULL,
    [Patches] bit NOT NULL,
    [SongSpecificPatches] bit NOT NULL,
    [ProPresenter] bit NOT NULL,
    [DateCreation] datetime2 NOT NULL,
    [ArtistId] int NOT NULL,
    [AlbumId] int NOT NULL,
    CONSTRAINT [PK_Song] PRIMARY KEY ([SongId]),
    CONSTRAINT [FK_Song_Album_AlbumId] FOREIGN KEY ([AlbumId]) REFERENCES [Album] ([AlbumId]) ON DELETE CASCADE,
    CONSTRAINT [FK_Song_Artist_ArtistId] FOREIGN KEY ([ArtistId]) REFERENCES [Artist] ([ArtistId]) ON DELETE CASCADE
);
2023-03-21 12:36:19.798 +01:00  WRN  No store type was specified for the decimal property 'Bpm' on entity type 'Song'. This will cause values to be silently truncated if they do not fit in the default precision and scale. Explicitly specify the SQL server column type that can accommodate all the values in 'OnModelCreating' using 'HasColumnType', specify precision and scale using 'HasPrecision', or configure a value converter using 'HasConversion'.
2023-03-21 12:36:19.928 +01:00  INF  Entity Framework Core 6.0.15 initialized 'AppDbContext' using provider 'Microsoft.EntityFrameworkCore.SqlServer:6.0.15' with options: None
2023-03-21 12:36:20.159 +01:00  INF  Executed DbCommand (13ms) [Parameters=[], CommandType='"Text"', CommandTimeout='30']
SELECT 1
2023-03-21 12:36:20.196 +01:00  INF  Executed DbCommand (13ms) [Parameters=[], CommandType='"Text"', CommandTimeout='30']
SELECT OBJECT_ID(N'[__EFMigrationsHistory]');
2023-03-21 12:36:20.200 +01:00  INF  Executed DbCommand (1ms) [Parameters=[], CommandType='"Text"', CommandTimeout='30']
SELECT 1
2023-03-21 12:36:20.201 +01:00  INF  Executed DbCommand (0ms) [Parameters=[], CommandType='"Text"', CommandTimeout='30']
SELECT OBJECT_ID(N'[__EFMigrationsHistory]');
2023-03-21 12:36:20.218 +01:00  INF  Executed DbCommand (2ms) [Parameters=[], CommandType='"Text"', CommandTimeout='30']
SELECT [MigrationId], [ProductVersion]
FROM [__EFMigrationsHistory]
ORDER BY [MigrationId];
2023-03-21 12:36:20.230 +01:00  INF  Applying migration '20230321113213_initial'.
2023-03-21 12:36:20.291 +01:00  INF  Executed DbCommand (2ms) [Parameters=[], CommandType='"Text"', CommandTimeout='30']
CREATE TABLE [Artist] (
    [ArtistId] int NOT NULL IDENTITY,
    [Title] nvarchar(max) NOT NULL,
    [Biography] nvarchar(max) NOT NULL,
    [ImageUrl] nvarchar(max) NOT NULL,
    [HeroUrl] nvarchar(max) NOT NULL,
    [DateCreation] datetime2 NOT NULL,
    CONSTRAINT [PK_Artist] PRIMARY KEY ([ArtistId])
);
2023-03-21 12:36:20.293 +01:00  INF  Executed DbCommand (1ms) [Parameters=[], CommandType='"Text"', CommandTimeout='30']
CREATE TABLE [Album] (
    [AlbumId] int NOT NULL IDENTITY,
    [Title] nvarchar(max) NOT NULL,
    [ImageUrl] nvarchar(max) NOT NULL,
    [Year] int NOT NULL,
    [DateCreation] datetime2 NOT NULL,
    [ArtistId] int NOT NULL,
    CONSTRAINT [PK_Album] PRIMARY KEY ([AlbumId]),
    CONSTRAINT [FK_Album_Artist_ArtistId] FOREIGN KEY ([ArtistId]) REFERENCES [Artist] ([ArtistId]) ON DELETE CASCADE
);
2023-03-21 12:36:20.298 +01:00  ERR  Failed executing DbCommand (5ms) [Parameters=[], CommandType='"Text"', CommandTimeout='30']
CREATE TABLE [Song] (
    [SongId] int NOT NULL IDENTITY,
    [Title] nvarchar(max) NOT NULL,
    [TimeSignature] nvarchar(max) NOT NULL,
    [Bpm] decimal(18,2) NOT NULL,
    [Multitracks] bit NOT NULL,
    [CustomMix] bit NOT NULL,
    [Chart] bit NOT NULL,
    [RehearsalMix] bit NOT NULL,
    [Patches] bit NOT NULL,
    [SongSpecificPatches] bit NOT NULL,
    [ProPresenter] bit NOT NULL,
    [DateCreation] datetime2 NOT NULL,
    [ArtistId] int NOT NULL,
    [AlbumId] int NOT NULL,
    CONSTRAINT [PK_Song] PRIMARY KEY ([SongId]),
    CONSTRAINT [FK_Song_Album_AlbumId] FOREIGN KEY ([AlbumId]) REFERENCES [Album] ([AlbumId]) ON DELETE CASCADE,
    CONSTRAINT [FK_Song_Artist_ArtistId] FOREIGN KEY ([ArtistId]) REFERENCES [Artist] ([ArtistId]) ON DELETE CASCADE
);
2023-03-21 12:37:18.618 +01:00  WRN  No store type was specified for the decimal property 'Bpm' on entity type 'Song'. This will cause values to be silently truncated if they do not fit in the default precision and scale. Explicitly specify the SQL server column type that can accommodate all the values in 'OnModelCreating' using 'HasColumnType', specify precision and scale using 'HasPrecision', or configure a value converter using 'HasConversion'.
2023-03-21 12:37:18.792 +01:00  INF  Entity Framework Core 6.0.15 initialized 'AppDbContext' using provider 'Microsoft.EntityFrameworkCore.SqlServer:6.0.15' with options: None
2023-03-21 12:37:19.082 +01:00  INF  Executed DbCommand (15ms) [Parameters=[], CommandType='"Text"', CommandTimeout='30']
SELECT 1
2023-03-21 12:37:19.112 +01:00  INF  Executed DbCommand (17ms) [Parameters=[], CommandType='"Text"', CommandTimeout='30']
SELECT OBJECT_ID(N'[__EFMigrationsHistory]');
2023-03-21 12:37:19.115 +01:00  INF  Executed DbCommand (1ms) [Parameters=[], CommandType='"Text"', CommandTimeout='30']
SELECT 1
2023-03-21 12:37:19.116 +01:00  INF  Executed DbCommand (0ms) [Parameters=[], CommandType='"Text"', CommandTimeout='30']
SELECT OBJECT_ID(N'[__EFMigrationsHistory]');
2023-03-21 12:37:19.139 +01:00  INF  Executed DbCommand (5ms) [Parameters=[], CommandType='"Text"', CommandTimeout='30']
SELECT [MigrationId], [ProductVersion]
FROM [__EFMigrationsHistory]
ORDER BY [MigrationId];
2023-03-21 12:37:19.151 +01:00  INF  Applying migration '20230321113213_initial'.
2023-03-21 12:37:19.225 +01:00  INF  Executed DbCommand (10ms) [Parameters=[], CommandType='"Text"', CommandTimeout='30']
CREATE TABLE [Artist] (
    [ArtistId] int NOT NULL IDENTITY,
    [Title] nvarchar(max) NOT NULL,
    [Biography] nvarchar(max) NOT NULL,
    [ImageUrl] nvarchar(max) NOT NULL,
    [HeroUrl] nvarchar(max) NOT NULL,
    [DateCreation] datetime2 NOT NULL,
    CONSTRAINT [PK_Artist] PRIMARY KEY ([ArtistId])
);
2023-03-21 12:37:19.228 +01:00  INF  Executed DbCommand (2ms) [Parameters=[], CommandType='"Text"', CommandTimeout='30']
CREATE TABLE [Album] (
    [AlbumId] int NOT NULL IDENTITY,
    [Title] nvarchar(max) NOT NULL,
    [ImageUrl] nvarchar(max) NOT NULL,
    [Year] int NOT NULL,
    [DateCreation] datetime2 NOT NULL,
    [ArtistId] int NOT NULL,
    CONSTRAINT [PK_Album] PRIMARY KEY ([AlbumId]),
    CONSTRAINT [FK_Album_Artist_ArtistId] FOREIGN KEY ([ArtistId]) REFERENCES [Artist] ([ArtistId]) ON DELETE CASCADE
);
2023-03-21 12:37:19.233 +01:00  ERR  Failed executing DbCommand (5ms) [Parameters=[], CommandType='"Text"', CommandTimeout='30']
CREATE TABLE [Song] (
    [SongId] int NOT NULL IDENTITY,
    [Title] nvarchar(max) NOT NULL,
    [TimeSignature] nvarchar(max) NOT NULL,
    [Bpm] decimal(18,2) NOT NULL,
    [Multitracks] bit NOT NULL,
    [CustomMix] bit NOT NULL,
    [Chart] bit NOT NULL,
    [RehearsalMix] bit NOT NULL,
    [Patches] bit NOT NULL,
    [SongSpecificPatches] bit NOT NULL,
    [ProPresenter] bit NOT NULL,
    [DateCreation] datetime2 NOT NULL,
    [ArtistId] int NOT NULL,
    [AlbumId] int NOT NULL,
    CONSTRAINT [PK_Song] PRIMARY KEY ([SongId]),
    CONSTRAINT [FK_Song_Album_AlbumId] FOREIGN KEY ([AlbumId]) REFERENCES [Album] ([AlbumId]) ON DELETE CASCADE,
    CONSTRAINT [FK_Song_Artist_ArtistId] FOREIGN KEY ([ArtistId]) REFERENCES [Artist] ([ArtistId]) ON DELETE CASCADE
);
2023-03-21 12:37:40.718 +01:00  WRN  No store type was specified for the decimal property 'Bpm' on entity type 'Song'. This will cause values to be silently truncated if they do not fit in the default precision and scale. Explicitly specify the SQL server column type that can accommodate all the values in 'OnModelCreating' using 'HasColumnType', specify precision and scale using 'HasPrecision', or configure a value converter using 'HasConversion'.
2023-03-21 12:37:41.013 +01:00  INF  Entity Framework Core 6.0.15 initialized 'AppDbContext' using provider 'Microsoft.EntityFrameworkCore.SqlServer:6.0.15' with options: None
2023-03-21 12:37:41.060 +01:00  WRN  No store type was specified for the decimal property 'Bpm' on entity type 'Song'. This will cause values to be silently truncated if they do not fit in the default precision and scale. Explicitly specify the SQL server column type that can accommodate all the values in 'OnModelCreating' using 'HasColumnType', specify precision and scale using 'HasPrecision', or configure a value converter using 'HasConversion'.
2023-03-21 12:38:46.598 +01:00  WRN  No store type was specified for the decimal property 'Bpm' on entity type 'Song'. This will cause values to be silently truncated if they do not fit in the default precision and scale. Explicitly specify the SQL server column type that can accommodate all the values in 'OnModelCreating' using 'HasColumnType', specify precision and scale using 'HasPrecision', or configure a value converter using 'HasConversion'.
2023-03-21 12:38:46.760 +01:00  INF  Entity Framework Core 6.0.15 initialized 'AppDbContext' using provider 'Microsoft.EntityFrameworkCore.SqlServer:6.0.15' with options: None
2023-03-21 12:38:47.078 +01:00  INF  Executed DbCommand (14ms) [Parameters=[], CommandType='"Text"', CommandTimeout='30']
SELECT 1
2023-03-21 12:38:47.116 +01:00  INF  Executed DbCommand (19ms) [Parameters=[], CommandType='"Text"', CommandTimeout='30']
SELECT OBJECT_ID(N'[__EFMigrationsHistory]');
2023-03-21 12:38:47.120 +01:00  INF  Executed DbCommand (2ms) [Parameters=[], CommandType='"Text"', CommandTimeout='30']
SELECT 1
2023-03-21 12:38:47.121 +01:00  INF  Executed DbCommand (0ms) [Parameters=[], CommandType='"Text"', CommandTimeout='30']
SELECT OBJECT_ID(N'[__EFMigrationsHistory]');
2023-03-21 12:38:47.151 +01:00  INF  Executed DbCommand (6ms) [Parameters=[], CommandType='"Text"', CommandTimeout='30']
SELECT [MigrationId], [ProductVersion]
FROM [__EFMigrationsHistory]
ORDER BY [MigrationId];
2023-03-21 12:38:47.165 +01:00  INF  Applying migration '20230321113741_initial'.
2023-03-21 12:38:47.216 +01:00  INF  Executed DbCommand (2ms) [Parameters=[], CommandType='"Text"', CommandTimeout='30']
CREATE TABLE [Artist] (
    [ArtistId] int NOT NULL IDENTITY,
    [Title] nvarchar(max) NOT NULL,
    [Biography] nvarchar(max) NOT NULL,
    [ImageUrl] nvarchar(max) NOT NULL,
    [HeroUrl] nvarchar(max) NOT NULL,
    [DateCreation] datetime2 NOT NULL,
    CONSTRAINT [PK_Artist] PRIMARY KEY ([ArtistId])
);
2023-03-21 12:38:47.219 +01:00  INF  Executed DbCommand (2ms) [Parameters=[], CommandType='"Text"', CommandTimeout='30']
CREATE TABLE [Album] (
    [AlbumId] int NOT NULL IDENTITY,
    [Title] nvarchar(max) NOT NULL,
    [ImageUrl] nvarchar(max) NOT NULL,
    [Year] int NOT NULL,
    [DateCreation] datetime2 NOT NULL,
    [ArtistId] int NOT NULL,
    CONSTRAINT [PK_Album] PRIMARY KEY ([AlbumId]),
    CONSTRAINT [FK_Album_Artist_ArtistId] FOREIGN KEY ([ArtistId]) REFERENCES [Artist] ([ArtistId])
);
2023-03-21 12:38:47.221 +01:00  INF  Executed DbCommand (2ms) [Parameters=[], CommandType='"Text"', CommandTimeout='30']
CREATE TABLE [Song] (
    [SongId] int NOT NULL IDENTITY,
    [Title] nvarchar(max) NOT NULL,
    [TimeSignature] nvarchar(max) NOT NULL,
    [Bpm] decimal(18,2) NOT NULL,
    [Multitracks] bit NOT NULL,
    [CustomMix] bit NOT NULL,
    [Chart] bit NOT NULL,
    [RehearsalMix] bit NOT NULL,
    [Patches] bit NOT NULL,
    [SongSpecificPatches] bit NOT NULL,
    [ProPresenter] bit NOT NULL,
    [DateCreation] datetime2 NOT NULL,
    [ArtistId] int NOT NULL,
    [AlbumId] int NOT NULL,
    CONSTRAINT [PK_Song] PRIMARY KEY ([SongId]),
    CONSTRAINT [FK_Song_Album_AlbumId] FOREIGN KEY ([AlbumId]) REFERENCES [Album] ([AlbumId]),
    CONSTRAINT [FK_Song_Artist_ArtistId] FOREIGN KEY ([ArtistId]) REFERENCES [Artist] ([ArtistId])
);
2023-03-21 12:38:47.224 +01:00  INF  Executed DbCommand (3ms) [Parameters=[], CommandType='"Text"', CommandTimeout='30']
CREATE INDEX [IX_Album_ArtistId] ON [Album] ([ArtistId]);
2023-03-21 12:38:47.225 +01:00  INF  Executed DbCommand (1ms) [Parameters=[], CommandType='"Text"', CommandTimeout='30']
CREATE INDEX [IX_Song_AlbumId] ON [Song] ([AlbumId]);
2023-03-21 12:38:47.226 +01:00  INF  Executed DbCommand (1ms) [Parameters=[], CommandType='"Text"', CommandTimeout='30']
CREATE INDEX [IX_Song_ArtistId] ON [Song] ([ArtistId]);
2023-03-21 12:38:47.230 +01:00  INF  Executed DbCommand (3ms) [Parameters=[], CommandType='"Text"', CommandTimeout='30']
INSERT INTO [__EFMigrationsHistory] ([MigrationId], [ProductVersion])
VALUES (N'20230321113741_initial', N'6.0.15');
2023-03-21 12:40:15.416 +01:00  WRN  No store type was specified for the decimal property 'Bpm' on entity type 'Song'. This will cause values to be silently truncated if they do not fit in the default precision and scale. Explicitly specify the SQL server column type that can accommodate all the values in 'OnModelCreating' using 'HasColumnType', specify precision and scale using 'HasPrecision', or configure a value converter using 'HasConversion'.
2023-03-21 12:40:15.589 +01:00  INF  Entity Framework Core 6.0.15 initialized 'AppDbContext' using provider 'Microsoft.EntityFrameworkCore.SqlServer:6.0.15' with options: None
2023-03-21 12:40:16.019 +01:00  INF  Executed DbCommand (23ms) [Parameters=[], CommandType='"Text"', CommandTimeout='30']
SELECT 1
2023-03-21 12:40:16.070 +01:00  INF  Executed DbCommand (27ms) [Parameters=[], CommandType='"Text"', CommandTimeout='30']
SELECT OBJECT_ID(N'[__EFMigrationsHistory]');
2023-03-21 12:40:16.074 +01:00  INF  Executed DbCommand (2ms) [Parameters=[], CommandType='"Text"', CommandTimeout='30']
SELECT 1
2023-03-21 12:40:16.076 +01:00  INF  Executed DbCommand (1ms) [Parameters=[], CommandType='"Text"', CommandTimeout='30']
SELECT OBJECT_ID(N'[__EFMigrationsHistory]');
2023-03-21 12:40:16.107 +01:00  INF  Executed DbCommand (3ms) [Parameters=[], CommandType='"Text"', CommandTimeout='30']
SELECT [MigrationId], [ProductVersion]
FROM [__EFMigrationsHistory]
ORDER BY [MigrationId];
2023-03-21 12:40:16.129 +01:00  INF  No migrations were applied. The database is already up to date.
2023-03-21 12:40:16.488 +01:00  INF  Now listening on: https://localhost:7086
2023-03-21 12:40:16.488 +01:00  INF  Now listening on: http://localhost:5201
2023-03-21 12:40:16.492 +01:00  INF  Application started. Press Ctrl+C to shut down.
2023-03-21 12:40:16.493 +01:00  INF  Hosting environment: Development
2023-03-21 12:40:16.493 +01:00  INF  Content root path: C:\Users\Kehinde Aregbesola\Desktop\interview questions and answers\.net\Web\MultiTracks.API\
2023-03-21 12:40:17.786 +01:00  INF  Request starting HTTP/2 GET https://localhost:7086/swagger/index.html - -
2023-03-21 12:40:18.226 +01:00  INF  Request finished HTTP/2 GET https://localhost:7086/swagger/index.html - - - 200 - text/html;charset=utf-8 446.4242ms
2023-03-21 12:40:18.250 +01:00  INF  Request starting HTTP/2 GET https://localhost:7086/_framework/aspnetcore-browser-refresh.js - -
2023-03-21 12:40:18.254 +01:00  INF  Request finished HTTP/2 GET https://localhost:7086/_framework/aspnetcore-browser-refresh.js - - - 200 12000 application/javascript;+charset=utf-8 4.3664ms
2023-03-21 12:40:18.261 +01:00  INF  Request starting HTTP/2 GET https://localhost:7086/_vs/browserLink - -
2023-03-21 12:40:18.412 +01:00  INF  Request finished HTTP/2 GET https://localhost:7086/_vs/browserLink - - - 200 - text/javascript;+charset=UTF-8 150.8800ms
2023-03-21 12:40:18.521 +01:00  INF  Request starting HTTP/2 GET https://localhost:7086/swagger/v1/swagger.json - -
2023-03-21 12:40:18.727 +01:00  INF  Request finished HTTP/2 GET https://localhost:7086/swagger/v1/swagger.json - - - 200 - application/json;charset=utf-8 206.2525ms
2023-03-21 12:40:28.971 +01:00  INF  Request starting HTTP/2 GET https://localhost:7086/api/Song/list?pageSize=10&pageNumber=3 - -
2023-03-21 12:40:28.988 +01:00  INF  Executing endpoint 'MultiTracksAPI.Controllers.SongController.Get (MultiTracks.API)'
2023-03-21 12:40:29.024 +01:00  INF  Route matched with {action = "Get", controller = "Song"}. Executing controller action with signature System.Threading.Tasks.Task`1[Microsoft.AspNetCore.Mvc.IActionResult] Get(Int32, Int32) on controller MultiTracksAPI.Controllers.SongController (MultiTracks.API).
2023-03-21 12:40:29.178 +01:00  INF  Executing Get Songs endpoint..............
2023-03-21 12:40:29.190 +01:00  INF  Entity Framework Core 6.0.15 initialized 'AppDbContext' using provider 'Microsoft.EntityFrameworkCore.SqlServer:6.0.15' with options: None
2023-03-21 12:40:30.008 +01:00  INF  Executed DbCommand (105ms) [Parameters=[@__p_0='?' (DbType = Int32), @__p_1='?' (DbType = Int32)], CommandType='"Text"', CommandTimeout='30']
SELECT [t].[SongId], [t].[AlbumId], [t].[ArtistId], [t].[Bpm], [t].[Chart], [t].[CustomMix], [t].[DateCreation], [t].[Multitracks], [t].[Patches], [t].[ProPresenter], [t].[RehearsalMix], [t].[SongSpecificPatches], [t].[TimeSignature], [t].[Title], [a].[ArtistId], [a].[Biography], [a].[DateCreation], [a].[HeroUrl], [a].[ImageUrl], [a].[Title], [a0].[AlbumId], [a0].[ArtistId], [a0].[DateCreation], [a0].[ImageUrl], [a0].[Title], [a0].[Year]
FROM (
    SELECT [s].[SongId], [s].[AlbumId], [s].[ArtistId], [s].[Bpm], [s].[Chart], [s].[CustomMix], [s].[DateCreation], [s].[Multitracks], [s].[Patches], [s].[ProPresenter], [s].[RehearsalMix], [s].[SongSpecificPatches], [s].[TimeSignature], [s].[Title]
    FROM [Song] AS [s]
    ORDER BY [s].[SongId]
    OFFSET @__p_0 ROWS FETCH NEXT @__p_1 ROWS ONLY
) AS [t]
INNER JOIN [Artist] AS [a] ON [t].[ArtistId] = [a].[ArtistId]
INNER JOIN [Album] AS [a0] ON [t].[AlbumId] = [a0].[AlbumId]
ORDER BY [t].[SongId]
2023-03-21 12:40:30.222 +01:00  INF  Get Songs Endpoint executed successfully.........
2023-03-21 12:40:30.231 +01:00  INF  Executing OkObjectResult, writing value of type 'System.Collections.Generic.List`1[[MultiTracks.API.Models.Dtos.SongDto, MultiTracks.API, Version=1.0.0.0, Culture=neutral, PublicKeyToken=null]]'.
2023-03-21 12:40:30.252 +01:00  INF  Executed action MultiTracksAPI.Controllers.SongController.Get (MultiTracks.API) in 1221.9762ms
2023-03-21 12:40:30.254 +01:00  INF  Executed endpoint 'MultiTracksAPI.Controllers.SongController.Get (MultiTracks.API)'
2023-03-21 12:40:30.263 +01:00  INF  Request finished HTTP/2 GET https://localhost:7086/api/Song/list?pageSize=10&pageNumber=3 - - - 200 - application/json;+charset=utf-8 1290.9986ms
2023-03-21 12:42:57.865 +01:00  WRN  No store type was specified for the decimal property 'Bpm' on entity type 'Song'. This will cause values to be silently truncated if they do not fit in the default precision and scale. Explicitly specify the SQL server column type that can accommodate all the values in 'OnModelCreating' using 'HasColumnType', specify precision and scale using 'HasPrecision', or configure a value converter using 'HasConversion'.
2023-03-21 12:42:58.087 +01:00  INF  Entity Framework Core 6.0.15 initialized 'AppDbContext' using provider 'Microsoft.EntityFrameworkCore.SqlServer:6.0.15' with options: None
2023-03-21 12:42:58.557 +01:00  INF  Executed DbCommand (32ms) [Parameters=[], CommandType='"Text"', CommandTimeout='30']
SELECT 1
2023-03-21 12:42:58.610 +01:00  INF  Executed DbCommand (27ms) [Parameters=[], CommandType='"Text"', CommandTimeout='30']
SELECT OBJECT_ID(N'[__EFMigrationsHistory]');
2023-03-21 12:42:58.614 +01:00  INF  Executed DbCommand (1ms) [Parameters=[], CommandType='"Text"', CommandTimeout='30']
SELECT 1
2023-03-21 12:42:58.614 +01:00  INF  Executed DbCommand (0ms) [Parameters=[], CommandType='"Text"', CommandTimeout='30']
SELECT OBJECT_ID(N'[__EFMigrationsHistory]');
2023-03-21 12:42:58.645 +01:00  INF  Executed DbCommand (4ms) [Parameters=[], CommandType='"Text"', CommandTimeout='30']
SELECT [MigrationId], [ProductVersion]
FROM [__EFMigrationsHistory]
ORDER BY [MigrationId];
2023-03-21 12:42:58.664 +01:00  INF  No migrations were applied. The database is already up to date.
2023-03-21 12:42:58.940 +01:00  INF  Now listening on: https://localhost:7086
2023-03-21 12:42:58.940 +01:00  INF  Now listening on: http://localhost:5201
2023-03-21 12:42:58.944 +01:00  INF  Application started. Press Ctrl+C to shut down.
2023-03-21 12:42:58.944 +01:00  INF  Hosting environment: Development
2023-03-21 12:42:58.944 +01:00  INF  Content root path: C:\Users\Kehinde Aregbesola\Desktop\interview questions and answers\.net\Web\MultiTracks.API\
2023-03-21 12:42:59.833 +01:00  INF  Request starting HTTP/2 GET https://localhost:7086/swagger/index.html - -
2023-03-21 12:43:00.304 +01:00  INF  Request finished HTTP/2 GET https://localhost:7086/swagger/index.html - - - 200 - text/html;charset=utf-8 476.5914ms
2023-03-21 12:43:00.320 +01:00  INF  Request starting HTTP/2 GET https://localhost:7086/_framework/aspnetcore-browser-refresh.js - -
2023-03-21 12:43:00.323 +01:00  INF  Request starting HTTP/2 GET https://localhost:7086/_vs/browserLink - -
2023-03-21 12:43:00.326 +01:00  INF  Request finished HTTP/2 GET https://localhost:7086/_framework/aspnetcore-browser-refresh.js - - - 200 12000 application/javascript;+charset=utf-8 5.7281ms
2023-03-21 12:43:00.437 +01:00  INF  Request finished HTTP/2 GET https://localhost:7086/_vs/browserLink - - - 200 - text/javascript;+charset=UTF-8 113.6529ms
2023-03-21 12:43:00.542 +01:00  INF  Request starting HTTP/2 GET https://localhost:7086/swagger/v1/swagger.json - -
2023-03-21 12:43:00.731 +01:00  INF  Request finished HTTP/2 GET https://localhost:7086/swagger/v1/swagger.json - - - 200 - application/json;charset=utf-8 189.3830ms
2023-03-21 12:43:19.082 +01:00  INF  Request starting HTTP/2 GET https://localhost:7086/api/Song/list?pageSize=1&pageNumber=1 - -
2023-03-21 12:43:19.095 +01:00  INF  Executing endpoint 'MultiTracksAPI.Controllers.SongController.Get (MultiTracks.API)'
2023-03-21 12:43:19.135 +01:00  INF  Route matched with {action = "Get", controller = "Song"}. Executing controller action with signature System.Threading.Tasks.Task`1[Microsoft.AspNetCore.Mvc.IActionResult] Get(Int32, Int32) on controller MultiTracksAPI.Controllers.SongController (MultiTracks.API).
2023-03-21 12:43:19.332 +01:00  INF  Executing Get Songs endpoint..............
2023-03-21 12:43:19.352 +01:00  INF  Entity Framework Core 6.0.15 initialized 'AppDbContext' using provider 'Microsoft.EntityFrameworkCore.SqlServer:6.0.15' with options: None
2023-03-21 12:43:20.256 +01:00  INF  Executed DbCommand (96ms) [Parameters=[@__p_0='?' (DbType = Int32), @__p_1='?' (DbType = Int32)], CommandType='"Text"', CommandTimeout='30']
SELECT [t].[SongId], [t].[AlbumId], [t].[ArtistId], [t].[Bpm], [t].[Chart], [t].[CustomMix], [t].[DateCreation], [t].[Multitracks], [t].[Patches], [t].[ProPresenter], [t].[RehearsalMix], [t].[SongSpecificPatches], [t].[TimeSignature], [t].[Title], [a].[ArtistId], [a].[Biography], [a].[DateCreation], [a].[HeroUrl], [a].[ImageUrl], [a].[Title], [a0].[AlbumId], [a0].[ArtistId], [a0].[DateCreation], [a0].[ImageUrl], [a0].[Title], [a0].[Year]
FROM (
    SELECT [s].[SongId], [s].[AlbumId], [s].[ArtistId], [s].[Bpm], [s].[Chart], [s].[CustomMix], [s].[DateCreation], [s].[Multitracks], [s].[Patches], [s].[ProPresenter], [s].[RehearsalMix], [s].[SongSpecificPatches], [s].[TimeSignature], [s].[Title]
    FROM [Song] AS [s]
    ORDER BY [s].[SongId]
    OFFSET @__p_0 ROWS FETCH NEXT @__p_1 ROWS ONLY
) AS [t]
INNER JOIN [Artist] AS [a] ON [t].[ArtistId] = [a].[ArtistId]
INNER JOIN [Album] AS [a0] ON [t].[AlbumId] = [a0].[AlbumId]
ORDER BY [t].[SongId]
2023-03-21 12:43:20.487 +01:00  INF  Get Songs Endpoint executed successfully.........
2023-03-21 12:43:20.499 +01:00  INF  Executing OkObjectResult, writing value of type 'System.Collections.Generic.List`1[[MultiTracks.API.Models.Dtos.SongDto, MultiTracks.API, Version=1.0.0.0, Culture=neutral, PublicKeyToken=null]]'.
2023-03-21 12:43:20.539 +01:00  INF  Executed action MultiTracksAPI.Controllers.SongController.Get (MultiTracks.API) in 1388.024ms
2023-03-21 12:43:20.541 +01:00  INF  Executed endpoint 'MultiTracksAPI.Controllers.SongController.Get (MultiTracks.API)'
2023-03-21 12:43:20.557 +01:00  INF  Request finished HTTP/2 GET https://localhost:7086/api/Song/list?pageSize=1&pageNumber=1 - - - 200 - application/json;+charset=utf-8 1475.8531ms
2023-03-21 12:44:08.431 +01:00  WRN  No store type was specified for the decimal property 'Bpm' on entity type 'Song'. This will cause values to be silently truncated if they do not fit in the default precision and scale. Explicitly specify the SQL server column type that can accommodate all the values in 'OnModelCreating' using 'HasColumnType', specify precision and scale using 'HasPrecision', or configure a value converter using 'HasConversion'.
2023-03-21 12:44:08.612 +01:00  INF  Entity Framework Core 6.0.15 initialized 'AppDbContext' using provider 'Microsoft.EntityFrameworkCore.SqlServer:6.0.15' with options: None
2023-03-21 12:44:09.133 +01:00  INF  Executed DbCommand (41ms) [Parameters=[], CommandType='"Text"', CommandTimeout='30']
SELECT 1
2023-03-21 12:44:09.225 +01:00  INF  Executed DbCommand (45ms) [Parameters=[], CommandType='"Text"', CommandTimeout='30']
SELECT OBJECT_ID(N'[__EFMigrationsHistory]');
2023-03-21 12:44:09.234 +01:00  INF  Executed DbCommand (5ms) [Parameters=[], CommandType='"Text"', CommandTimeout='30']
SELECT 1
2023-03-21 12:44:09.236 +01:00  INF  Executed DbCommand (2ms) [Parameters=[], CommandType='"Text"', CommandTimeout='30']
SELECT OBJECT_ID(N'[__EFMigrationsHistory]');
2023-03-21 12:44:09.297 +01:00  INF  Executed DbCommand (8ms) [Parameters=[], CommandType='"Text"', CommandTimeout='30']
SELECT [MigrationId], [ProductVersion]
FROM [__EFMigrationsHistory]
ORDER BY [MigrationId];
2023-03-21 12:44:09.329 +01:00  INF  No migrations were applied. The database is already up to date.
2023-03-21 12:44:09.677 +01:00  INF  Now listening on: https://localhost:7086
2023-03-21 12:44:09.677 +01:00  INF  Now listening on: http://localhost:5201
2023-03-21 12:44:09.681 +01:00  INF  Application started. Press Ctrl+C to shut down.
2023-03-21 12:44:09.682 +01:00  INF  Hosting environment: Development
2023-03-21 12:44:09.682 +01:00  INF  Content root path: C:\Users\Kehinde Aregbesola\Desktop\interview questions and answers\.net\Web\MultiTracks.API\
2023-03-21 12:44:10.423 +01:00  INF  Request starting HTTP/2 GET https://localhost:7086/swagger/index.html - -
2023-03-21 12:44:10.796 +01:00  INF  Request finished HTTP/2 GET https://localhost:7086/swagger/index.html - - - 200 - text/html;charset=utf-8 384.8885ms
2023-03-21 12:44:10.819 +01:00  INF  Request starting HTTP/2 GET https://localhost:7086/_vs/browserLink - -
2023-03-21 12:44:10.843 +01:00  INF  Request starting HTTP/2 GET https://localhost:7086/_framework/aspnetcore-browser-refresh.js - -
2023-03-21 12:44:10.904 +01:00  INF  Request finished HTTP/2 GET https://localhost:7086/_framework/aspnetcore-browser-refresh.js - - - 200 12000 application/javascript;+charset=utf-8 60.1527ms
2023-03-21 12:44:10.956 +01:00  INF  Request finished HTTP/2 GET https://localhost:7086/_vs/browserLink - - - 200 - text/javascript;+charset=UTF-8 136.5317ms
2023-03-21 12:44:11.144 +01:00  INF  Request starting HTTP/2 GET https://localhost:7086/swagger/v1/swagger.json - -
2023-03-21 12:44:11.322 +01:00  INF  Request finished HTTP/2 GET https://localhost:7086/swagger/v1/swagger.json - - - 200 - application/json;charset=utf-8 177.2760ms
2023-03-21 12:44:20.220 +01:00  INF  Request starting HTTP/2 GET https://localhost:7086/api/Song/list?pageSize=1&pageNumber=1 - -
2023-03-21 12:44:20.241 +01:00  INF  Executing endpoint 'MultiTracksAPI.Controllers.SongController.Get (MultiTracks.API)'
2023-03-21 12:44:20.281 +01:00  INF  Route matched with {action = "Get", controller = "Song"}. Executing controller action with signature System.Threading.Tasks.Task`1[Microsoft.AspNetCore.Mvc.IActionResult] Get(Int32, Int32) on controller MultiTracksAPI.Controllers.SongController (MultiTracks.API).
2023-03-21 12:44:20.460 +01:00  INF  Executing Get Songs endpoint..............
2023-03-21 12:44:20.474 +01:00  INF  Entity Framework Core 6.0.15 initialized 'AppDbContext' using provider 'Microsoft.EntityFrameworkCore.SqlServer:6.0.15' with options: None
2023-03-21 12:44:21.315 +01:00  INF  Executed DbCommand (81ms) [Parameters=[@__p_0='?' (DbType = Int32), @__p_1='?' (DbType = Int32)], CommandType='"Text"', CommandTimeout='30']
SELECT [t].[SongId], [t].[AlbumId], [t].[ArtistId], [t].[Bpm], [t].[Chart], [t].[CustomMix], [t].[DateCreation], [t].[Multitracks], [t].[Patches], [t].[ProPresenter], [t].[RehearsalMix], [t].[SongSpecificPatches], [t].[TimeSignature], [t].[Title], [a].[ArtistId], [a].[Biography], [a].[DateCreation], [a].[HeroUrl], [a].[ImageUrl], [a].[Title], [a0].[AlbumId], [a0].[ArtistId], [a0].[DateCreation], [a0].[ImageUrl], [a0].[Title], [a0].[Year]
FROM (
    SELECT [s].[SongId], [s].[AlbumId], [s].[ArtistId], [s].[Bpm], [s].[Chart], [s].[CustomMix], [s].[DateCreation], [s].[Multitracks], [s].[Patches], [s].[ProPresenter], [s].[RehearsalMix], [s].[SongSpecificPatches], [s].[TimeSignature], [s].[Title]
    FROM [Song] AS [s]
    ORDER BY [s].[SongId]
    OFFSET @__p_0 ROWS FETCH NEXT @__p_1 ROWS ONLY
) AS [t]
INNER JOIN [Artist] AS [a] ON [t].[ArtistId] = [a].[ArtistId]
INNER JOIN [Album] AS [a0] ON [t].[AlbumId] = [a0].[AlbumId]
ORDER BY [t].[SongId]
2023-03-21 12:44:21.520 +01:00  INF  Get Songs Endpoint executed successfully.........
2023-03-21 12:44:21.529 +01:00  INF  Executing OkObjectResult, writing value of type 'System.Collections.Generic.List`1[[MultiTracks.API.Models.Dtos.SongDto, MultiTracks.API, Version=1.0.0.0, Culture=neutral, PublicKeyToken=null]]'.
2023-03-21 12:44:21.564 +01:00  INF  Executed action MultiTracksAPI.Controllers.SongController.Get (MultiTracks.API) in 1273.4532ms
2023-03-21 12:44:21.566 +01:00  INF  Executed endpoint 'MultiTracksAPI.Controllers.SongController.Get (MultiTracks.API)'
2023-03-21 12:44:21.575 +01:00  INF  Request finished HTTP/2 GET https://localhost:7086/api/Song/list?pageSize=1&pageNumber=1 - - - 200 - application/json;+charset=utf-8 1354.8643ms
2023-03-21 14:40:16.322 +01:00  WRN  No store type was specified for the decimal property 'Bpm' on entity type 'Song'. This will cause values to be silently truncated if they do not fit in the default precision and scale. Explicitly specify the SQL server column type that can accommodate all the values in 'OnModelCreating' using 'HasColumnType', specify precision and scale using 'HasPrecision', or configure a value converter using 'HasConversion'.
2023-03-21 14:40:16.592 +01:00  INF  Entity Framework Core 6.0.15 initialized 'AppDbContext' using provider 'Microsoft.EntityFrameworkCore.SqlServer:6.0.15' with options: None
2023-03-21 14:40:17.385 +01:00  INF  Executed DbCommand (44ms) [Parameters=[], CommandType='"Text"', CommandTimeout='30']
SELECT 1
2023-03-21 14:40:17.454 +01:00  INF  Executed DbCommand (35ms) [Parameters=[], CommandType='"Text"', CommandTimeout='30']
SELECT OBJECT_ID(N'[__EFMigrationsHistory]');
2023-03-21 14:40:17.458 +01:00  INF  Executed DbCommand (2ms) [Parameters=[], CommandType='"Text"', CommandTimeout='30']
SELECT 1
2023-03-21 14:40:17.458 +01:00  INF  Executed DbCommand (1ms) [Parameters=[], CommandType='"Text"', CommandTimeout='30']
SELECT OBJECT_ID(N'[__EFMigrationsHistory]');
2023-03-21 14:40:17.510 +01:00  INF  Executed DbCommand (8ms) [Parameters=[], CommandType='"Text"', CommandTimeout='30']
SELECT [MigrationId], [ProductVersion]
FROM [__EFMigrationsHistory]
ORDER BY [MigrationId];
2023-03-21 14:40:17.535 +01:00  INF  No migrations were applied. The database is already up to date.
2023-03-21 14:40:17.931 +01:00  INF  Now listening on: https://localhost:7086
2023-03-21 14:40:17.932 +01:00  INF  Now listening on: http://localhost:5201
2023-03-21 14:40:17.936 +01:00  INF  Application started. Press Ctrl+C to shut down.
2023-03-21 14:40:17.937 +01:00  INF  Hosting environment: Development
2023-03-21 14:40:17.937 +01:00  INF  Content root path: C:\Users\Kehinde Aregbesola\Desktop\interview questions and answers\.net\Web\MultiTracks.API\
2023-03-21 14:40:19.266 +01:00  INF  Request starting HTTP/2 GET https://localhost:7086/swagger/index.html - -
2023-03-21 14:40:21.516 +01:00  INF  Request finished HTTP/2 GET https://localhost:7086/swagger/index.html - - - 200 - text/html;charset=utf-8 2110.0646ms
2023-03-21 14:40:21.525 +01:00  INF  Request starting HTTP/2 GET https://localhost:7086/_framework/aspnetcore-browser-refresh.js - -
2023-03-21 14:40:21.552 +01:00  INF  Request starting HTTP/2 GET https://localhost:7086/_vs/browserLink - -
2023-03-21 14:40:21.583 +01:00  INF  Request finished HTTP/2 GET https://localhost:7086/_framework/aspnetcore-browser-refresh.js - - - 200 12000 application/javascript;+charset=utf-8 58.2798ms
2023-03-21 14:40:21.647 +01:00  INF  Request finished HTTP/2 GET https://localhost:7086/_vs/browserLink - - - 200 - text/javascript;+charset=UTF-8 104.8431ms
2023-03-21 14:40:21.796 +01:00  INF  Request starting HTTP/2 GET https://localhost:7086/swagger/v1/swagger.json - -
2023-03-21 14:40:22.004 +01:00  INF  Request finished HTTP/2 GET https://localhost:7086/swagger/v1/swagger.json - - - 200 - application/json;charset=utf-8 208.2954ms
2023-03-21 14:41:23.452 +01:00  INF  Request starting HTTP/2 POST https://localhost:7086/api/Artist/add application/json 142
2023-03-21 14:41:23.510 +01:00  INF  Executing endpoint 'MultiTracks.API.Controllers.ArtistController.Add (MultiTracks.API)'
2023-03-21 14:41:23.560 +01:00  INF  Route matched with {action = "Add", controller = "Artist"}. Executing controller action with signature System.Threading.Tasks.Task`1[Microsoft.AspNetCore.Mvc.IActionResult] Add(MultiTracks.API.Models.Dtos.ArtistCreateDto) on controller MultiTracks.API.Controllers.ArtistController (MultiTracks.API).
2023-03-21 14:41:23.833 +01:00  INF  Executing Add Artist to database
2023-03-21 14:41:23.875 +01:00  INF  Entity Framework Core 6.0.15 initialized 'AppDbContext' using provider 'Microsoft.EntityFrameworkCore.SqlServer:6.0.15' with options: None
2023-03-21 14:41:24.368 +01:00  INF  Executed DbCommand (98ms) [Parameters=[@p0='?' (Size = 4000), @p1='?' (DbType = DateTime2), @p2='?' (Size = 4000), @p3='?' (Size = 4000), @p4='?' (Size = 4000)], CommandType='"Text"', CommandTimeout='30']
SET NOCOUNT ON;
INSERT INTO [Artist] ([Biography], [DateCreation], [HeroUrl], [ImageUrl], [Title])
VALUES (@p0, @p1, @p2, @p3, @p4);
SELECT [ArtistId]
FROM [Artist]
WHERE @@ROWCOUNT = 1 AND [ArtistId] = scope_identity();
2023-03-21 14:41:24.481 +01:00  INF  Executing CreatedAtRouteResult, writing value of type 'MultiTracks.API.Models.Dtos.ArtistCreateDto'.
2023-03-21 14:41:24.523 +01:00  INF  Executed action MultiTracks.API.Controllers.ArtistController.Add (MultiTracks.API) in 952.5575ms
2023-03-21 14:41:24.524 +01:00  INF  Executed endpoint 'MultiTracks.API.Controllers.ArtistController.Add (MultiTracks.API)'
2023-03-21 14:41:24.533 +01:00  INF  Request finished HTTP/2 POST https://localhost:7086/api/Artist/add application/json 142 - 201 - application/json;+charset=utf-8 1080.8113ms
2023-03-21 14:42:03.985 +01:00  WRN  No store type was specified for the decimal property 'Bpm' on entity type 'Song'. This will cause values to be silently truncated if they do not fit in the default precision and scale. Explicitly specify the SQL server column type that can accommodate all the values in 'OnModelCreating' using 'HasColumnType', specify precision and scale using 'HasPrecision', or configure a value converter using 'HasConversion'.
2023-03-21 14:42:04.197 +01:00  INF  Entity Framework Core 6.0.15 initialized 'AppDbContext' using provider 'Microsoft.EntityFrameworkCore.SqlServer:6.0.15' with options: None
2023-03-21 14:42:04.779 +01:00  INF  Executed DbCommand (31ms) [Parameters=[], CommandType='"Text"', CommandTimeout='30']
SELECT 1
2023-03-21 14:42:04.845 +01:00  INF  Executed DbCommand (38ms) [Parameters=[], CommandType='"Text"', CommandTimeout='30']
SELECT OBJECT_ID(N'[__EFMigrationsHistory]');
2023-03-21 14:42:04.849 +01:00  INF  Executed DbCommand (2ms) [Parameters=[], CommandType='"Text"', CommandTimeout='30']
SELECT 1
2023-03-21 14:42:04.849 +01:00  INF  Executed DbCommand (1ms) [Parameters=[], CommandType='"Text"', CommandTimeout='30']
SELECT OBJECT_ID(N'[__EFMigrationsHistory]');
2023-03-21 14:42:04.884 +01:00  INF  Executed DbCommand (5ms) [Parameters=[], CommandType='"Text"', CommandTimeout='30']
SELECT [MigrationId], [ProductVersion]
FROM [__EFMigrationsHistory]
ORDER BY [MigrationId];
2023-03-21 14:42:04.911 +01:00  INF  No migrations were applied. The database is already up to date.
2023-03-21 14:42:05.210 +01:00  INF  Now listening on: https://localhost:7086
2023-03-21 14:42:05.210 +01:00  INF  Now listening on: http://localhost:5201
2023-03-21 14:42:05.214 +01:00  INF  Application started. Press Ctrl+C to shut down.
2023-03-21 14:42:05.214 +01:00  INF  Hosting environment: Development
2023-03-21 14:42:05.214 +01:00  INF  Content root path: C:\Users\Kehinde Aregbesola\Desktop\interview questions and answers\.net\Web\MultiTracks.API\
2023-03-21 14:42:05.913 +01:00  INF  Request starting HTTP/2 GET https://localhost:7086/swagger/index.html - -
2023-03-21 14:42:06.375 +01:00  INF  Request finished HTTP/2 GET https://localhost:7086/swagger/index.html - - - 200 - text/html;charset=utf-8 471.0837ms
2023-03-21 14:42:06.481 +01:00  INF  Request starting HTTP/2 GET https://localhost:7086/_framework/aspnetcore-browser-refresh.js - -
2023-03-21 14:42:06.502 +01:00  INF  Request starting HTTP/2 GET https://localhost:7086/_vs/browserLink - -
2023-03-21 14:42:06.502 +01:00  INF  Request finished HTTP/2 GET https://localhost:7086/_framework/aspnetcore-browser-refresh.js - - - 200 12000 application/javascript;+charset=utf-8 21.2602ms
2023-03-21 14:42:06.630 +01:00  INF  Request finished HTTP/2 GET https://localhost:7086/_vs/browserLink - - - 200 - text/javascript;+charset=UTF-8 127.8641ms
2023-03-21 14:42:06.746 +01:00  INF  Request starting HTTP/2 GET https://localhost:7086/swagger/v1/swagger.json - -
2023-03-21 14:42:06.916 +01:00  INF  Request finished HTTP/2 GET https://localhost:7086/swagger/v1/swagger.json - - - 200 - application/json;charset=utf-8 169.6143ms
2023-03-21 14:42:19.592 +01:00  INF  Request starting HTTP/2 POST https://localhost:7086/api/Artist/add application/json 96
2023-03-21 14:42:19.617 +01:00  INF  Executing endpoint 'MultiTracks.API.Controllers.ArtistController.Add (MultiTracks.API)'
2023-03-21 14:42:19.695 +01:00  INF  Route matched with {action = "Add", controller = "Artist"}. Executing controller action with signature System.Threading.Tasks.Task`1[Microsoft.AspNetCore.Mvc.IActionResult] Add(MultiTracks.API.Models.Dtos.ArtistCreateDto) on controller MultiTracks.API.Controllers.ArtistController (MultiTracks.API).
2023-03-21 14:42:20.075 +01:00  INF  Executing Add Artist to database
2023-03-21 14:42:20.094 +01:00  INF  Entity Framework Core 6.0.15 initialized 'AppDbContext' using provider 'Microsoft.EntityFrameworkCore.SqlServer:6.0.15' with options: None
2023-03-21 14:42:20.804 +01:00  INF  Executed DbCommand (157ms) [Parameters=[@p0='?' (Size = 4000), @p1='?' (DbType = DateTime2), @p2='?' (Size = 4000), @p3='?' (Size = 4000), @p4='?' (Size = 4000)], CommandType='"Text"', CommandTimeout='30']
SET NOCOUNT ON;
INSERT INTO [Artist] ([Biography], [DateCreation], [HeroUrl], [ImageUrl], [Title])
VALUES (@p0, @p1, @p2, @p3, @p4);
SELECT [ArtistId]
FROM [Artist]
WHERE @@ROWCOUNT = 1 AND [ArtistId] = scope_identity();
2023-03-21 14:42:21.006 +01:00  INF  Executing CreatedAtRouteResult, writing value of type 'MultiTracks.API.Models.Dtos.ArtistCreateDto'.
2023-03-21 14:42:21.095 +01:00  INF  Executed action MultiTracks.API.Controllers.ArtistController.Add (MultiTracks.API) in 1373.2259ms
2023-03-21 14:42:21.099 +01:00  INF  Executed endpoint 'MultiTracks.API.Controllers.ArtistController.Add (MultiTracks.API)'
2023-03-21 14:42:21.113 +01:00  INF  Request finished HTTP/2 POST https://localhost:7086/api/Artist/add application/json 96 - 201 - application/json;+charset=utf-8 1521.3952ms
2023-03-21 14:42:52.259 +01:00  WRN  No store type was specified for the decimal property 'Bpm' on entity type 'Song'. This will cause values to be silently truncated if they do not fit in the default precision and scale. Explicitly specify the SQL server column type that can accommodate all the values in 'OnModelCreating' using 'HasColumnType', specify precision and scale using 'HasPrecision', or configure a value converter using 'HasConversion'.
2023-03-21 14:42:52.499 +01:00  INF  Entity Framework Core 6.0.15 initialized 'AppDbContext' using provider 'Microsoft.EntityFrameworkCore.SqlServer:6.0.15' with options: None
2023-03-21 14:42:53.014 +01:00  INF  Executed DbCommand (30ms) [Parameters=[], CommandType='"Text"', CommandTimeout='30']
SELECT 1
2023-03-21 14:42:53.081 +01:00  INF  Executed DbCommand (44ms) [Parameters=[], CommandType='"Text"', CommandTimeout='30']
SELECT OBJECT_ID(N'[__EFMigrationsHistory]');
2023-03-21 14:42:53.087 +01:00  INF  Executed DbCommand (4ms) [Parameters=[], CommandType='"Text"', CommandTimeout='30']
SELECT 1
2023-03-21 14:42:53.088 +01:00  INF  Executed DbCommand (1ms) [Parameters=[], CommandType='"Text"', CommandTimeout='30']
SELECT OBJECT_ID(N'[__EFMigrationsHistory]');
2023-03-21 14:42:53.129 +01:00  INF  Executed DbCommand (8ms) [Parameters=[], CommandType='"Text"', CommandTimeout='30']
SELECT [MigrationId], [ProductVersion]
FROM [__EFMigrationsHistory]
ORDER BY [MigrationId];
2023-03-21 14:42:53.152 +01:00  INF  No migrations were applied. The database is already up to date.
2023-03-21 14:42:53.456 +01:00  INF  Now listening on: https://localhost:7086
2023-03-21 14:42:53.456 +01:00  INF  Now listening on: http://localhost:5201
2023-03-21 14:42:53.460 +01:00  INF  Application started. Press Ctrl+C to shut down.
2023-03-21 14:42:53.460 +01:00  INF  Hosting environment: Development
2023-03-21 14:42:53.460 +01:00  INF  Content root path: C:\Users\Kehinde Aregbesola\Desktop\interview questions and answers\.net\Web\MultiTracks.API\
2023-03-21 14:42:54.044 +01:00  INF  Request starting HTTP/2 GET https://localhost:7086/swagger/index.html - -
2023-03-21 14:42:54.451 +01:00  INF  Request finished HTTP/2 GET https://localhost:7086/swagger/index.html - - - 200 - text/html;charset=utf-8 416.7312ms
2023-03-21 14:42:54.471 +01:00  INF  Request starting HTTP/2 GET https://localhost:7086/_framework/aspnetcore-browser-refresh.js - -
2023-03-21 14:42:54.478 +01:00  INF  Request finished HTTP/2 GET https://localhost:7086/_framework/aspnetcore-browser-refresh.js - - - 200 12000 application/javascript;+charset=utf-8 6.7068ms
2023-03-21 14:42:54.513 +01:00  INF  Request starting HTTP/2 GET https://localhost:7086/_vs/browserLink - -
2023-03-21 14:42:54.609 +01:00  INF  Request finished HTTP/2 GET https://localhost:7086/_vs/browserLink - - - 200 - text/javascript;+charset=UTF-8 96.5627ms
2023-03-21 14:42:54.709 +01:00  INF  Request starting HTTP/2 GET https://localhost:7086/swagger/v1/swagger.json - -
2023-03-21 14:42:54.885 +01:00  INF  Request finished HTTP/2 GET https://localhost:7086/swagger/v1/swagger.json - - - 200 - application/json;charset=utf-8 175.7334ms
2023-03-21 14:43:04.168 +01:00  INF  Request starting HTTP/2 POST https://localhost:7086/api/Artist/add application/json 96
2023-03-21 14:43:04.190 +01:00  INF  Executing endpoint 'MultiTracks.API.Controllers.ArtistController.Add (MultiTracks.API)'
2023-03-21 14:43:04.252 +01:00  INF  Route matched with {action = "Add", controller = "Artist"}. Executing controller action with signature System.Threading.Tasks.Task`1[Microsoft.AspNetCore.Mvc.IActionResult] Add(MultiTracks.API.Models.Dtos.ArtistCreateDto) on controller MultiTracks.API.Controllers.ArtistController (MultiTracks.API).
2023-03-21 14:43:04.574 +01:00  INF  Executing Add Artist to database
2023-03-21 14:43:04.611 +01:00  INF  Entity Framework Core 6.0.15 initialized 'AppDbContext' using provider 'Microsoft.EntityFrameworkCore.SqlServer:6.0.15' with options: None
2023-03-21 14:43:05.347 +01:00  INF  Executed DbCommand (144ms) [Parameters=[@p0='?' (Size = 4000), @p1='?' (DbType = DateTime2), @p2='?' (Size = 4000), @p3='?' (Size = 4000), @p4='?' (Size = 4000)], CommandType='"Text"', CommandTimeout='30']
SET NOCOUNT ON;
INSERT INTO [Artist] ([Biography], [DateCreation], [HeroUrl], [ImageUrl], [Title])
VALUES (@p0, @p1, @p2, @p3, @p4);
SELECT [ArtistId]
FROM [Artist]
WHERE @@ROWCOUNT = 1 AND [ArtistId] = scope_identity();
2023-03-21 14:43:05.538 +01:00  INF  Executing CreatedAtRouteResult, writing value of type 'MultiTracks.API.Models.Dtos.ArtistCreateDto'.
2023-03-21 14:43:05.595 +01:00  INF  Executed action MultiTracks.API.Controllers.ArtistController.Add (MultiTracks.API) in 1329.2748ms
2023-03-21 14:43:05.602 +01:00  INF  Executed endpoint 'MultiTracks.API.Controllers.ArtistController.Add (MultiTracks.API)'
2023-03-21 14:43:05.609 +01:00  ERR  An unhandled exception has occurred while executing the request.System.InvalidOperationException: No route matches the supplied values.
   at Microsoft.AspNetCore.Mvc.CreatedAtRouteResult.OnFormatting(ActionContext context)
   at Microsoft.AspNetCore.Mvc.Infrastructure.ObjectResultExecutor.ExecuteAsyncCore(ActionContext context, ObjectResult result, Type objectType, Object value)
   at Microsoft.AspNetCore.Mvc.Infrastructure.ObjectResultExecutor.ExecuteAsync(ActionContext context, ObjectResult result)
   at Microsoft.AspNetCore.Mvc.ObjectResult.ExecuteResultAsync(ActionContext context)
   at Microsoft.AspNetCore.Mvc.Infrastructure.ResourceInvoker.InvokeResultAsync(IActionResult result)
   at Microsoft.AspNetCore.Mvc.Infrastructure.ResourceInvoker.ResultNext[TFilter,TFilterAsync](State& next, Scope& scope, Object& state, Boolean& isCompleted)
   at Microsoft.AspNetCore.Mvc.Infrastructure.ResourceInvoker.InvokeNextResultFilterAsync[TFilter,TFilterAsync]()
--- End of stack trace from previous location ---
   at Microsoft.AspNetCore.Mvc.Infrastructure.ResourceInvoker.Rethrow(ResultExecutedContextSealed context)
   at Microsoft.AspNetCore.Mvc.Infrastructure.ResourceInvoker.ResultNext[TFilter,TFilterAsync](State& next, Scope& scope, Object& state, Boolean& isCompleted)
   at Microsoft.AspNetCore.Mvc.Infrastructure.ResourceInvoker.InvokeResultFilters()
--- End of stack trace from previous location ---
   at Microsoft.AspNetCore.Mvc.Infrastructure.ResourceInvoker.<InvokeFilterPipelineAsync>g__Awaited|20_0(ResourceInvoker invoker, Task lastTask, State next, Scope scope, Object state, Boolean isCompleted)
   at Microsoft.AspNetCore.Mvc.Infrastructure.ResourceInvoker.<InvokeAsync>g__Logged|17_1(ResourceInvoker invoker)
   at Microsoft.AspNetCore.Mvc.Infrastructure.ResourceInvoker.<InvokeAsync>g__Logged|17_1(ResourceInvoker invoker)
   at Microsoft.AspNetCore.Routing.EndpointMiddleware.<Invoke>g__AwaitRequestTask|6_0(Endpoint endpoint, Task requestTask, ILogger logger)
   at Microsoft.AspNetCore.Authorization.AuthorizationMiddleware.Invoke(HttpContext context)
   at Microsoft.AspNetCore.Diagnostics.ExceptionHandlerMiddleware.<Invoke>g__Awaited|6_0(ExceptionHandlerMiddleware middleware, HttpContext context, Task task)

2023-03-21 14:43:06.160 +01:00  INF  Request finished HTTP/2 POST https://localhost:7086/api/Artist/add application/json 96 - 500 - application/json 1991.9923ms
2023-03-21 14:45:59.545 +01:00  WRN  No store type was specified for the decimal property 'Bpm' on entity type 'Song'. This will cause values to be silently truncated if they do not fit in the default precision and scale. Explicitly specify the SQL server column type that can accommodate all the values in 'OnModelCreating' using 'HasColumnType', specify precision and scale using 'HasPrecision', or configure a value converter using 'HasConversion'.
2023-03-21 14:45:59.742 +01:00  INF  Entity Framework Core 6.0.15 initialized 'AppDbContext' using provider 'Microsoft.EntityFrameworkCore.SqlServer:6.0.15' with options: None
2023-03-21 14:46:00.214 +01:00  INF  Executed DbCommand (34ms) [Parameters=[], CommandType='"Text"', CommandTimeout='30']
SELECT 1
2023-03-21 14:46:00.282 +01:00  INF  Executed DbCommand (40ms) [Parameters=[], CommandType='"Text"', CommandTimeout='30']
SELECT OBJECT_ID(N'[__EFMigrationsHistory]');
2023-03-21 14:46:00.285 +01:00  INF  Executed DbCommand (1ms) [Parameters=[], CommandType='"Text"', CommandTimeout='30']
SELECT 1
2023-03-21 14:46:00.286 +01:00  INF  Executed DbCommand (0ms) [Parameters=[], CommandType='"Text"', CommandTimeout='30']
SELECT OBJECT_ID(N'[__EFMigrationsHistory]');
2023-03-21 14:46:00.317 +01:00  INF  Executed DbCommand (4ms) [Parameters=[], CommandType='"Text"', CommandTimeout='30']
SELECT [MigrationId], [ProductVersion]
FROM [__EFMigrationsHistory]
ORDER BY [MigrationId];
2023-03-21 14:46:00.335 +01:00  INF  No migrations were applied. The database is already up to date.
2023-03-21 14:46:00.576 +01:00  INF  Now listening on: https://localhost:7086
2023-03-21 14:46:00.576 +01:00  INF  Now listening on: http://localhost:5201
2023-03-21 14:46:00.579 +01:00  INF  Application started. Press Ctrl+C to shut down.
2023-03-21 14:46:00.579 +01:00  INF  Hosting environment: Development
2023-03-21 14:46:00.579 +01:00  INF  Content root path: C:\Users\Kehinde Aregbesola\Desktop\interview questions and answers\.net\Web\MultiTracks.API\
2023-03-21 14:46:01.141 +01:00  INF  Request starting HTTP/2 GET https://localhost:7086/swagger/index.html - -
2023-03-21 14:46:01.518 +01:00  INF  Request finished HTTP/2 GET https://localhost:7086/swagger/index.html - - - 200 - text/html;charset=utf-8 384.0935ms
2023-03-21 14:46:01.532 +01:00  INF  Request starting HTTP/2 GET https://localhost:7086/_framework/aspnetcore-browser-refresh.js - -
2023-03-21 14:46:01.538 +01:00  INF  Request finished HTTP/2 GET https://localhost:7086/_framework/aspnetcore-browser-refresh.js - - - 200 12000 application/javascript;+charset=utf-8 5.2876ms
2023-03-21 14:46:01.541 +01:00  INF  Request starting HTTP/2 GET https://localhost:7086/_vs/browserLink - -
2023-03-21 14:46:01.620 +01:00  INF  Request finished HTTP/2 GET https://localhost:7086/_vs/browserLink - - - 200 - text/javascript;+charset=UTF-8 79.7682ms
2023-03-21 14:46:01.718 +01:00  INF  Request starting HTTP/2 GET https://localhost:7086/swagger/v1/swagger.json - -
2023-03-21 14:46:01.909 +01:00  INF  Request finished HTTP/2 GET https://localhost:7086/swagger/v1/swagger.json - - - 200 - application/json;charset=utf-8 190.7066ms
2023-03-21 14:47:52.928 +01:00  INF  Request starting HTTP/2 POST https://localhost:7086/api/Artist/add application/json 189
2023-03-21 14:47:52.954 +01:00  INF  Executing endpoint 'MultiTracks.API.Controllers.ArtistController.Add (MultiTracks.API)'
2023-03-21 14:47:52.989 +01:00  INF  Route matched with {action = "Add", controller = "Artist"}. Executing controller action with signature System.Threading.Tasks.Task`1[Microsoft.AspNetCore.Mvc.IActionResult] Add(MultiTracks.API.Models.Dtos.ArtistCreateDto) on controller MultiTracks.API.Controllers.ArtistController (MultiTracks.API).
2023-03-21 14:47:53.254 +01:00  INF  Executing Add Artist to database
2023-03-21 14:47:53.305 +01:00  INF  Entity Framework Core 6.0.15 initialized 'AppDbContext' using provider 'Microsoft.EntityFrameworkCore.SqlServer:6.0.15' with options: None
2023-03-21 14:47:53.792 +01:00  INF  Executed DbCommand (69ms) [Parameters=[@p0='?' (Size = 4000), @p1='?' (DbType = DateTime2), @p2='?' (Size = 4000), @p3='?' (Size = 4000), @p4='?' (Size = 4000)], CommandType='"Text"', CommandTimeout='30']
SET NOCOUNT ON;
INSERT INTO [Artist] ([Biography], [DateCreation], [HeroUrl], [ImageUrl], [Title])
VALUES (@p0, @p1, @p2, @p3, @p4);
SELECT [ArtistId]
FROM [Artist]
WHERE @@ROWCOUNT = 1 AND [ArtistId] = scope_identity();
2023-03-21 14:47:53.903 +01:00  INF  Executing CreatedAtRouteResult, writing value of type 'MultiTracks.API.Models.Dtos.ArtistCreateDto'.
2023-03-21 14:47:53.958 +01:00  INF  Executed action MultiTracks.API.Controllers.ArtistController.Add (MultiTracks.API) in 957.2583ms
2023-03-21 14:47:53.962 +01:00  INF  Executed endpoint 'MultiTracks.API.Controllers.ArtistController.Add (MultiTracks.API)'
2023-03-21 14:47:53.976 +01:00  INF  Request finished HTTP/2 POST https://localhost:7086/api/Artist/add application/json 189 - 201 - application/json;+charset=utf-8 1047.6183ms
2023-03-21 16:16:33.650 +01:00  WRN  No store type was specified for the decimal property 'Bpm' on entity type 'Song'. This will cause values to be silently truncated if they do not fit in the default precision and scale. Explicitly specify the SQL server column type that can accommodate all the values in 'OnModelCreating' using 'HasColumnType', specify precision and scale using 'HasPrecision', or configure a value converter using 'HasConversion'.
2023-03-21 16:16:34.422 +01:00  INF  Entity Framework Core 6.0.15 initialized 'AppDbContext' using provider 'Microsoft.EntityFrameworkCore.SqlServer:6.0.15' with options: None
2023-03-21 16:16:35.833 +01:00  INF  Executed DbCommand (57ms) [Parameters=[], CommandType='"Text"', CommandTimeout='30']
SELECT 1
2023-03-21 16:16:35.926 +01:00  INF  Executed DbCommand (45ms) [Parameters=[], CommandType='"Text"', CommandTimeout='30']
SELECT OBJECT_ID(N'[__EFMigrationsHistory]');
2023-03-21 16:16:35.933 +01:00  INF  Executed DbCommand (3ms) [Parameters=[], CommandType='"Text"', CommandTimeout='30']
SELECT 1
2023-03-21 16:16:35.934 +01:00  INF  Executed DbCommand (1ms) [Parameters=[], CommandType='"Text"', CommandTimeout='30']
SELECT OBJECT_ID(N'[__EFMigrationsHistory]');
2023-03-21 16:16:35.992 +01:00  INF  Executed DbCommand (8ms) [Parameters=[], CommandType='"Text"', CommandTimeout='30']
SELECT [MigrationId], [ProductVersion]
FROM [__EFMigrationsHistory]
ORDER BY [MigrationId];
2023-03-21 16:16:36.026 +01:00  INF  No migrations were applied. The database is already up to date.
2023-03-21 16:16:36.633 +01:00  INF  Now listening on: https://localhost:7086
2023-03-21 16:16:36.633 +01:00  INF  Now listening on: http://localhost:5201
2023-03-21 16:16:36.639 +01:00  INF  Application started. Press Ctrl+C to shut down.
2023-03-21 16:16:36.640 +01:00  INF  Hosting environment: Development
2023-03-21 16:16:36.640 +01:00  INF  Content root path: C:\Users\Kehinde Aregbesola\Desktop\interview questions and answers\.net\Web\MultiTracks.API\
2023-03-21 16:16:37.793 +01:00  INF  Request starting HTTP/2 GET https://localhost:7086/swagger/index.html - -
2023-03-21 16:16:38.348 +01:00  INF  Request finished HTTP/2 GET https://localhost:7086/swagger/index.html - - - 200 - text/html;charset=utf-8 563.4694ms
2023-03-21 16:16:38.413 +01:00  INF  Request starting HTTP/2 GET https://localhost:7086/_framework/aspnetcore-browser-refresh.js - -
2023-03-21 16:16:38.413 +01:00  INF  Request starting HTTP/2 GET https://localhost:7086/_vs/browserLink - -
2023-03-21 16:16:38.424 +01:00  INF  Request finished HTTP/2 GET https://localhost:7086/_framework/aspnetcore-browser-refresh.js - - - 200 12000 application/javascript;+charset=utf-8 11.7878ms
2023-03-21 16:16:38.562 +01:00  INF  Request finished HTTP/2 GET https://localhost:7086/_vs/browserLink - - - 200 - text/javascript;+charset=UTF-8 148.4173ms
2023-03-21 16:16:38.702 +01:00  INF  Request starting HTTP/2 GET https://localhost:7086/swagger/v1/swagger.json - -
2023-03-21 16:16:38.944 +01:00  INF  Request finished HTTP/2 GET https://localhost:7086/swagger/v1/swagger.json - - - 200 - application/json;charset=utf-8 242.3878ms
2023-03-21 16:17:31.975 +01:00  INF  Request starting HTTP/2 GET https://localhost:7086/api/Song/list?pageSize=1&pageNumber=1 - -
2023-03-21 16:17:32.001 +01:00  INF  Executing endpoint 'MultiTracksAPI.Controllers.SongController.Get (MultiTracks.API)'
2023-03-21 16:17:32.040 +01:00  INF  Route matched with {action = "Get", controller = "Song"}. Executing controller action with signature System.Threading.Tasks.Task`1[Microsoft.AspNetCore.Mvc.IActionResult] Get(Int32, Int32) on controller MultiTracksAPI.Controllers.SongController (MultiTracks.API).
2023-03-21 16:17:32.179 +01:00  INF  Executing Get Songs endpoint..............
2023-03-21 16:17:32.198 +01:00  INF  Entity Framework Core 6.0.15 initialized 'AppDbContext' using provider 'Microsoft.EntityFrameworkCore.SqlServer:6.0.15' with options: None
2023-03-21 16:17:32.944 +01:00  INF  Executed DbCommand (89ms) [Parameters=[@__p_0='?' (DbType = Int32), @__p_1='?' (DbType = Int32)], CommandType='"Text"', CommandTimeout='30']
SELECT [t].[SongId], [t].[AlbumId], [t].[ArtistId], [t].[Bpm], [t].[Chart], [t].[CustomMix], [t].[DateCreation], [t].[Multitracks], [t].[Patches], [t].[ProPresenter], [t].[RehearsalMix], [t].[SongSpecificPatches], [t].[TimeSignature], [t].[Title], [a].[ArtistId], [a].[Biography], [a].[DateCreation], [a].[HeroUrl], [a].[ImageUrl], [a].[Title], [a0].[AlbumId], [a0].[ArtistId], [a0].[DateCreation], [a0].[ImageUrl], [a0].[Title], [a0].[Year]
FROM (
    SELECT [s].[SongId], [s].[AlbumId], [s].[ArtistId], [s].[Bpm], [s].[Chart], [s].[CustomMix], [s].[DateCreation], [s].[Multitracks], [s].[Patches], [s].[ProPresenter], [s].[RehearsalMix], [s].[SongSpecificPatches], [s].[TimeSignature], [s].[Title]
    FROM [Song] AS [s]
    ORDER BY [s].[SongId]
    OFFSET @__p_0 ROWS FETCH NEXT @__p_1 ROWS ONLY
) AS [t]
INNER JOIN [Artist] AS [a] ON [t].[ArtistId] = [a].[ArtistId]
INNER JOIN [Album] AS [a0] ON [t].[AlbumId] = [a0].[AlbumId]
ORDER BY [t].[SongId]
2023-03-21 16:17:33.142 +01:00  INF  Get Songs Endpoint executed successfully.........
2023-03-21 16:17:33.151 +01:00  INF  Executing OkObjectResult, writing value of type 'System.Collections.Generic.List`1[[MultiTracks.API.Models.Dtos.SongDto, MultiTracks.API, Version=1.0.0.0, Culture=neutral, PublicKeyToken=null]]'.
2023-03-21 16:17:33.176 +01:00  INF  Executed action MultiTracksAPI.Controllers.SongController.Get (MultiTracks.API) in 1130.5346ms
2023-03-21 16:17:33.178 +01:00  INF  Executed endpoint 'MultiTracksAPI.Controllers.SongController.Get (MultiTracks.API)'
2023-03-21 16:17:33.188 +01:00  INF  Request finished HTTP/2 GET https://localhost:7086/api/Song/list?pageSize=1&pageNumber=1 - - - 200 - application/json;+charset=utf-8 1213.0972ms
2023-03-21 16:17:48.890 +01:00  INF  Request starting HTTP/2 GET https://localhost:7086/api/Artist/search/Israel and New Breed - -
2023-03-21 16:17:48.892 +01:00  INF  Executing endpoint 'MultiTracks.API.Controllers.ArtistController.Search (MultiTracks.API)'
2023-03-21 16:17:48.894 +01:00  INF  Route matched with {action = "Search", controller = "Artist"}. Executing controller action with signature System.Threading.Tasks.Task`1[Microsoft.AspNetCore.Mvc.IActionResult] Search(System.String) on controller MultiTracks.API.Controllers.ArtistController (MultiTracks.API).
2023-03-21 16:17:48.905 +01:00  INF  Executing Get Artist by name endpoint
2023-03-21 16:17:48.955 +01:00  INF  Entity Framework Core 6.0.15 initialized 'AppDbContext' using provider 'Microsoft.EntityFrameworkCore.SqlServer:6.0.15' with options: None
2023-03-21 16:17:49.002 +01:00  INF  Executed DbCommand (23ms) [Parameters=[@__name_0='?' (Size = 4000)], CommandType='"Text"', CommandTimeout='30']
SELECT TOP(1) [a].[ArtistId], [a].[Biography], [a].[DateCreation], [a].[HeroUrl], [a].[ImageUrl], [a].[Title]
FROM [Artist] AS [a]
WHERE [a].[Title] = @__name_0
2023-03-21 16:17:49.006 +01:00  INF  Get Artist by name endpoint executed succesfully
2023-03-21 16:17:49.006 +01:00  INF  Executing OkObjectResult, writing value of type 'MultiTracks.API.Models.Dtos.ArtistGetDto'.
2023-03-21 16:17:49.007 +01:00  INF  Executed action MultiTracks.API.Controllers.ArtistController.Search (MultiTracks.API) in 112.5627ms
2023-03-21 16:17:49.007 +01:00  INF  Executed endpoint 'MultiTracks.API.Controllers.ArtistController.Search (MultiTracks.API)'
2023-03-21 16:17:49.007 +01:00  INF  Request finished HTTP/2 GET https://localhost:7086/api/Artist/search/Israel and New Breed - - - 200 - application/json;+charset=utf-8 116.8043ms
